;  LST file generated by mikroListExporter - v.2.0 
; Date/Time: 2019-05-14 10:35:08 PM
;----------------------------------------------

;Address Opcode 	ASM
0x0000	0x29B7      	GOTO       439
_Delay_50us:
;__Lib_Delays.c,19 :: 		void Delay_50us() {
;__Lib_Delays.c,20 :: 		Delay_us(50);
0x0003	0x3021      	MOVLW      33
0x0004	0x1283      	BCF        STATUS, 5
0x0005	0x1303      	BCF        STATUS, 6
0x0006	0x00FD      	MOVWF      R13
L_Delay_50us2:
0x0007	0x0BFD      	DECFSZ     R13, 1
0x0008	0x2807      	GOTO       L_Delay_50us2
;__Lib_Delays.c,21 :: 		}
L_end_Delay_50us:
0x0009	0x0008      	RETURN
; end of _Delay_50us
_Delay_5500us:
;__Lib_Delays.c,31 :: 		void Delay_5500us() {
;__Lib_Delays.c,32 :: 		Delay_us(5500);
0x000A	0x300F      	MOVLW      15
0x000B	0x1283      	BCF        STATUS, 5
0x000C	0x1303      	BCF        STATUS, 6
0x000D	0x00FC      	MOVWF      R12
0x000E	0x3047      	MOVLW      71
0x000F	0x00FD      	MOVWF      R13
L_Delay_5500us5:
0x0010	0x0BFD      	DECFSZ     R13, 1
0x0011	0x2810      	GOTO       L_Delay_5500us5
0x0012	0x0BFC      	DECFSZ     R12, 1
0x0013	0x2810      	GOTO       L_Delay_5500us5
0x0014	0x0000      	NOP
0x0015	0x0000      	NOP
;__Lib_Delays.c,33 :: 		}
L_end_Delay_5500us:
0x0016	0x0008      	RETURN
; end of _Delay_5500us
_Delay_1us:
;__Lib_Delays.c,7 :: 		void Delay_1us() {
;__Lib_Delays.c,8 :: 		Delay_us(1);
0x0017	0x0000      	NOP
0x0018	0x0000      	NOP
;__Lib_Delays.c,9 :: 		}
L_end_Delay_1us:
0x0019	0x0008      	RETURN
; end of _Delay_1us
_Div_16X16_U:
;__Lib_Math.c,215 :: 		
;__Lib_Math.c,222 :: 		
0x001A	0x1283      	BCF        STATUS, 5
;__Lib_Math.c,223 :: 		
0x001B	0x1303      	BCF        STATUS, 6
;__Lib_Math.c,224 :: 		
0x001C	0x01F8      	CLRF       R8
;__Lib_Math.c,225 :: 		
0x001D	0x01F9      	CLRF       R9
;__Lib_Math.c,226 :: 		
0x001E	0x3010      	MOVLW      16
;__Lib_Math.c,227 :: 		
0x001F	0x00FC      	MOVWF      R12
;__Lib_Math.c,228 :: 		
0x0020	0x0D71      	RLF        R1, 0
;__Lib_Math.c,229 :: 		
0x0021	0x0DF8      	RLF        R8, 1
;__Lib_Math.c,230 :: 		
0x0022	0x0DF9      	RLF        R9, 1
;__Lib_Math.c,231 :: 		
0x0023	0x0874      	MOVF       R4, 0
;__Lib_Math.c,232 :: 		
0x0024	0x02F8      	SUBWF      R8, 1
;__Lib_Math.c,233 :: 		
0x0025	0x0875      	MOVF       R5, 0
;__Lib_Math.c,234 :: 		
0x0026	0x1C03      	BTFSS      STATUS, 0
;__Lib_Math.c,235 :: 		
0x0027	0x0F75      	INCFSZ     R5, 0
;__Lib_Math.c,236 :: 		
0x0028	0x02F9      	SUBWF      R9, 1
;__Lib_Math.c,237 :: 		
0x0029	0x1803      	BTFSC      STATUS, 0
;__Lib_Math.c,238 :: 		
0x002A	0x2832      	GOTO       $+8
;__Lib_Math.c,239 :: 		
0x002B	0x0874      	MOVF       R4, 0
;__Lib_Math.c,240 :: 		
0x002C	0x07F8      	ADDWF      R8, 1
;__Lib_Math.c,241 :: 		
0x002D	0x0875      	MOVF       R5, 0
;__Lib_Math.c,242 :: 		
0x002E	0x1803      	BTFSC      STATUS, 0
;__Lib_Math.c,243 :: 		
0x002F	0x0F75      	INCFSZ     R5, 0
;__Lib_Math.c,244 :: 		
0x0030	0x07F9      	ADDWF      R9, 1
;__Lib_Math.c,245 :: 		
0x0031	0x1003      	BCF        STATUS, 0
;__Lib_Math.c,246 :: 		
0x0032	0x0DF0      	RLF        R0, 1
;__Lib_Math.c,247 :: 		
0x0033	0x0DF1      	RLF        R1, 1
;__Lib_Math.c,248 :: 		
0x0034	0x0BFC      	DECFSZ     R12, 1
;__Lib_Math.c,249 :: 		
0x0035	0x2820      	GOTO       $-21
;__Lib_Math.c,251 :: 		
L_end_Div_16X16_U:
0x0036	0x0008      	RETURN
; end of _Div_16X16_U
_WordToStr:
;__Lib_Conversions.c,98 :: 		
;__Lib_Conversions.c,103 :: 		
0x0037	0x1283      	BCF        STATUS, 5
0x0038	0x1303      	BCF        STATUS, 6
0x0039	0x01B8      	CLRF       WordToStr_len_L0
L_WordToStr11:
0x003A	0x3005      	MOVLW      5
0x003B	0x0238      	SUBWF      WordToStr_len_L0, 0
0x003C	0x1803      	BTFSC      STATUS, 0
0x003D	0x2845      	GOTO       L_WordToStr12
;__Lib_Conversions.c,104 :: 		
0x003E	0x0838      	MOVF       WordToStr_len_L0, 0
0x003F	0x0737      	ADDWF      FARG_WordToStr_output, 0
0x0040	0x0084      	MOVWF      FSR
0x0041	0x3020      	MOVLW      32
0x0042	0x0080      	MOVWF      INDF
;__Lib_Conversions.c,103 :: 		
0x0043	0x0AB8      	INCF       WordToStr_len_L0, 1
;__Lib_Conversions.c,104 :: 		
0x0044	0x283A      	GOTO       L_WordToStr11
L_WordToStr12:
;__Lib_Conversions.c,105 :: 		
0x0045	0x0838      	MOVF       WordToStr_len_L0, 0
0x0046	0x0737      	ADDWF      FARG_WordToStr_output, 0
0x0047	0x0084      	MOVWF      FSR
0x0048	0x0180      	CLRF       INDF
0x0049	0x03B8      	DECF       WordToStr_len_L0, 1
;__Lib_Conversions.c,107 :: 		
L_WordToStr14:
;__Lib_Conversions.c,108 :: 		
0x004A	0x0838      	MOVF       WordToStr_len_L0, 0
0x004B	0x0737      	ADDWF      FARG_WordToStr_output, 0
0x004C	0x00B9      	MOVWF      FLOC__WordToStr
0x004D	0x300A      	MOVLW      10
0x004E	0x00F4      	MOVWF      R4
0x004F	0x01F5      	CLRF       R4+1
0x0050	0x0835      	MOVF       FARG_WordToStr_input, 0
0x0051	0x00F0      	MOVWF      R0
0x0052	0x0836      	MOVF       FARG_WordToStr_input+1, 0
0x0053	0x00F1      	MOVWF      R0+1
0x0054	0x201A      	CALL       _Div_16X16_U
0x0055	0x0878      	MOVF       R8, 0
0x0056	0x00F0      	MOVWF      R0
0x0057	0x0879      	MOVF       R8+1, 0
0x0058	0x00F1      	MOVWF      R0+1
0x0059	0x3030      	MOVLW      48
0x005A	0x07F0      	ADDWF      R0, 1
0x005B	0x0839      	MOVF       FLOC__WordToStr, 0
0x005C	0x0084      	MOVWF      FSR
0x005D	0x0870      	MOVF       R0, 0
0x005E	0x0080      	MOVWF      INDF
;__Lib_Conversions.c,109 :: 		
0x005F	0x300A      	MOVLW      10
0x0060	0x00F4      	MOVWF      R4
0x0061	0x01F5      	CLRF       R4+1
0x0062	0x0835      	MOVF       FARG_WordToStr_input, 0
0x0063	0x00F0      	MOVWF      R0
0x0064	0x0836      	MOVF       FARG_WordToStr_input+1, 0
0x0065	0x00F1      	MOVWF      R0+1
0x0066	0x201A      	CALL       _Div_16X16_U
0x0067	0x0870      	MOVF       R0, 0
0x0068	0x00B5      	MOVWF      FARG_WordToStr_input
0x0069	0x0871      	MOVF       R0+1, 0
0x006A	0x00B6      	MOVWF      FARG_WordToStr_input+1
;__Lib_Conversions.c,110 :: 		
0x006B	0x3000      	MOVLW      0
0x006C	0x0671      	XORWF      R0+1, 0
0x006D	0x1D03      	BTFSS      STATUS, 2
0x006E	0x2871      	GOTO       L__WordToStr159
0x006F	0x3000      	MOVLW      0
0x0070	0x0670      	XORWF      R0, 0
L__WordToStr159:
0x0071	0x1D03      	BTFSS      STATUS, 2
0x0072	0x2874      	GOTO       L_WordToStr16
;__Lib_Conversions.c,111 :: 		
0x0073	0x2876      	GOTO       L_WordToStr15
L_WordToStr16:
;__Lib_Conversions.c,112 :: 		
0x0074	0x03B8      	DECF       WordToStr_len_L0, 1
;__Lib_Conversions.c,113 :: 		
0x0075	0x284A      	GOTO       L_WordToStr14
L_WordToStr15:
;__Lib_Conversions.c,114 :: 		
L_end_WordToStr:
0x0076	0x0008      	RETURN
; end of _WordToStr
_Lcd_Cmd:
;__Lib_Lcd.c,18 :: 		
;__Lib_Lcd.c,20 :: 		
0x0077	0x1283      	BCF        STATUS, 5
0x0078	0x1303      	BCF        STATUS, 6
0x0079	0x1BB5      	BTFSC      FARG_Lcd_Cmd_out_char, 7
0x007A	0x287D      	GOTO       L__Lcd_Cmd21
0x007B	0x1287      	BCF        LCD_D7, BitPos(LCD_D7+0)
0x007C	0x287E      	GOTO       L__Lcd_Cmd22
L__Lcd_Cmd21:
0x007D	0x1687      	BSF        LCD_D7, BitPos(LCD_D7+0)
L__Lcd_Cmd22:
;__Lib_Lcd.c,21 :: 		
0x007E	0x1B35      	BTFSC      FARG_Lcd_Cmd_out_char, 6
0x007F	0x2882      	GOTO       L__Lcd_Cmd23
0x0080	0x1207      	BCF        LCD_D6, BitPos(LCD_D6+0)
0x0081	0x2883      	GOTO       L__Lcd_Cmd24
L__Lcd_Cmd23:
0x0082	0x1607      	BSF        LCD_D6, BitPos(LCD_D6+0)
L__Lcd_Cmd24:
;__Lib_Lcd.c,22 :: 		
0x0083	0x1AB5      	BTFSC      FARG_Lcd_Cmd_out_char, 5
0x0084	0x2887      	GOTO       L__Lcd_Cmd25
0x0085	0x1187      	BCF        LCD_D5, BitPos(LCD_D5+0)
0x0086	0x2888      	GOTO       L__Lcd_Cmd26
L__Lcd_Cmd25:
0x0087	0x1587      	BSF        LCD_D5, BitPos(LCD_D5+0)
L__Lcd_Cmd26:
;__Lib_Lcd.c,23 :: 		
0x0088	0x1A35      	BTFSC      FARG_Lcd_Cmd_out_char, 4
0x0089	0x288C      	GOTO       L__Lcd_Cmd27
0x008A	0x1107      	BCF        LCD_D4, BitPos(LCD_D4+0)
0x008B	0x288D      	GOTO       L__Lcd_Cmd28
L__Lcd_Cmd27:
0x008C	0x1507      	BSF        LCD_D4, BitPos(LCD_D4+0)
L__Lcd_Cmd28:
;__Lib_Lcd.c,25 :: 		
0x008D	0x1824      	BTFSC      __Lib_Lcd_cmd_status, BitPos(__Lib_Lcd_cmd_status+0)
0x008E	0x2891      	GOTO       L__Lcd_Cmd29
0x008F	0x1407      	BSF        LCD_RS, BitPos(LCD_RS+0)
0x0090	0x2892      	GOTO       L__Lcd_Cmd30
L__Lcd_Cmd29:
0x0091	0x1007      	BCF        LCD_RS, BitPos(LCD_RS+0)
L__Lcd_Cmd30:
;__Lib_Lcd.c,28 :: 		
0x0092	0x1487      	BSF        LCD_EN, BitPos(LCD_EN+0)
;__Lib_Lcd.c,29 :: 		
0x0093	0x2017      	CALL       _Delay_1us
;__Lib_Lcd.c,30 :: 		
0x0094	0x1087      	BCF        LCD_EN, BitPos(LCD_EN+0)
;__Lib_Lcd.c,33 :: 		
0x0095	0x19B5      	BTFSC      FARG_Lcd_Cmd_out_char, 3
0x0096	0x2899      	GOTO       L__Lcd_Cmd31
0x0097	0x1287      	BCF        LCD_D7, BitPos(LCD_D7+0)
0x0098	0x289A      	GOTO       L__Lcd_Cmd32
L__Lcd_Cmd31:
0x0099	0x1687      	BSF        LCD_D7, BitPos(LCD_D7+0)
L__Lcd_Cmd32:
;__Lib_Lcd.c,34 :: 		
0x009A	0x1935      	BTFSC      FARG_Lcd_Cmd_out_char, 2
0x009B	0x289E      	GOTO       L__Lcd_Cmd33
0x009C	0x1207      	BCF        LCD_D6, BitPos(LCD_D6+0)
0x009D	0x289F      	GOTO       L__Lcd_Cmd34
L__Lcd_Cmd33:
0x009E	0x1607      	BSF        LCD_D6, BitPos(LCD_D6+0)
L__Lcd_Cmd34:
;__Lib_Lcd.c,35 :: 		
0x009F	0x18B5      	BTFSC      FARG_Lcd_Cmd_out_char, 1
0x00A0	0x28A3      	GOTO       L__Lcd_Cmd35
0x00A1	0x1187      	BCF        LCD_D5, BitPos(LCD_D5+0)
0x00A2	0x28A4      	GOTO       L__Lcd_Cmd36
L__Lcd_Cmd35:
0x00A3	0x1587      	BSF        LCD_D5, BitPos(LCD_D5+0)
L__Lcd_Cmd36:
;__Lib_Lcd.c,36 :: 		
0x00A4	0x1835      	BTFSC      FARG_Lcd_Cmd_out_char, 0
0x00A5	0x28A8      	GOTO       L__Lcd_Cmd37
0x00A6	0x1107      	BCF        LCD_D4, BitPos(LCD_D4+0)
0x00A7	0x28A9      	GOTO       L__Lcd_Cmd38
L__Lcd_Cmd37:
0x00A8	0x1507      	BSF        LCD_D4, BitPos(LCD_D4+0)
L__Lcd_Cmd38:
;__Lib_Lcd.c,38 :: 		
0x00A9	0x1824      	BTFSC      __Lib_Lcd_cmd_status, BitPos(__Lib_Lcd_cmd_status+0)
0x00AA	0x28AD      	GOTO       L__Lcd_Cmd39
0x00AB	0x1407      	BSF        LCD_RS, BitPos(LCD_RS+0)
0x00AC	0x28AE      	GOTO       L__Lcd_Cmd40
L__Lcd_Cmd39:
0x00AD	0x1007      	BCF        LCD_RS, BitPos(LCD_RS+0)
L__Lcd_Cmd40:
;__Lib_Lcd.c,40 :: 		
0x00AE	0x1487      	BSF        LCD_EN, BitPos(LCD_EN+0)
;__Lib_Lcd.c,41 :: 		
0x00AF	0x2017      	CALL       _Delay_1us
;__Lib_Lcd.c,42 :: 		
0x00B0	0x1087      	BCF        LCD_EN, BitPos(LCD_EN+0)
;__Lib_Lcd.c,44 :: 		
0x00B1	0x1C24      	BTFSS      __Lib_Lcd_cmd_status, BitPos(__Lib_Lcd_cmd_status+0)
0x00B2	0x28B5      	GOTO       L_Lcd_Cmd0
;__Lib_Lcd.c,45 :: 		
0x00B3	0x200A      	CALL       _Delay_5500us
0x00B4	0x28B6      	GOTO       L_Lcd_Cmd1
L_Lcd_Cmd0:
;__Lib_Lcd.c,47 :: 		
0x00B5	0x2003      	CALL       _Delay_50us
L_Lcd_Cmd1:
;__Lib_Lcd.c,48 :: 		
L_end_Lcd_Cmd:
0x00B6	0x0008      	RETURN
; end of _Lcd_Cmd
_____DoICP:
;__Lib_System.c,6 :: 		
;__Lib_System.c,9 :: 		
0x00B7	0x1283      	BCF        STATUS, 5
0x00B8	0x1303      	BCF        STATUS, 6
0x00B9	0x0823      	MOVF       ___DoICPAddr+1, 0
0x00BA	0x008A      	MOVWF      PCLATH
;__Lib_System.c,10 :: 		
0x00BB	0x0822      	MOVF       ___DoICPAddr, 0
0x00BC	0x0082      	MOVWF      PCL
;__Lib_System.c,12 :: 		
L_end_____DoICP:
0x00BD	0x0008      	RETURN
; end of _____DoICP
_IntToStr:
;__Lib_Conversions.c,195 :: 		
;__Lib_Conversions.c,201 :: 		
0x00BE	0x1283      	BCF        STATUS, 5
0x00BF	0x1303      	BCF        STATUS, 6
0x00C0	0x01B1      	CLRF       IntToStr_negative_L0
0x00C1	0x01B2      	CLRF       IntToStr_negative_L0+1
;__Lib_Conversions.c,202 :: 		
0x00C2	0x082C      	MOVF       FARG_IntToStr_input, 0
0x00C3	0x00B3      	MOVWF      IntToStr_inword_L0
0x00C4	0x082D      	MOVF       FARG_IntToStr_input+1, 0
0x00C5	0x00B4      	MOVWF      IntToStr_inword_L0+1
;__Lib_Conversions.c,203 :: 		
0x00C6	0x3080      	MOVLW      128
0x00C7	0x062D      	XORWF      FARG_IntToStr_input+1, 0
0x00C8	0x00F0      	MOVWF      R0
0x00C9	0x3080      	MOVLW      128
0x00CA	0x0270      	SUBWF      R0, 0
0x00CB	0x1D03      	BTFSS      STATUS, 2
0x00CC	0x28CF      	GOTO       L__IntToStr167
0x00CD	0x3000      	MOVLW      0
0x00CE	0x022C      	SUBWF      FARG_IntToStr_input, 0
L__IntToStr167:
0x00CF	0x1803      	BTFSC      STATUS, 0
0x00D0	0x28DD      	GOTO       L_IntToStr37
;__Lib_Conversions.c,204 :: 		
0x00D1	0x3001      	MOVLW      1
0x00D2	0x00B1      	MOVWF      IntToStr_negative_L0
0x00D3	0x3000      	MOVLW      0
0x00D4	0x00B2      	MOVWF      IntToStr_negative_L0+1
;__Lib_Conversions.c,205 :: 		
0x00D5	0x082C      	MOVF       FARG_IntToStr_input, 0
0x00D6	0x3C00      	SUBLW      0
0x00D7	0x00B3      	MOVWF      IntToStr_inword_L0
0x00D8	0x082D      	MOVF       FARG_IntToStr_input+1, 0
0x00D9	0x1C03      	BTFSS      STATUS, 0
0x00DA	0x3E01      	ADDLW      1
0x00DB	0x01B4      	CLRF       IntToStr_inword_L0+1
0x00DC	0x02B4      	SUBWF      IntToStr_inword_L0+1, 1
;__Lib_Conversions.c,206 :: 		
L_IntToStr37:
;__Lib_Conversions.c,207 :: 		
0x00DD	0x0833      	MOVF       IntToStr_inword_L0, 0
0x00DE	0x00B5      	MOVWF      FARG_WordToStr_input
0x00DF	0x0834      	MOVF       IntToStr_inword_L0+1, 0
0x00E0	0x00B6      	MOVWF      FARG_WordToStr_input+1
0x00E1	0x082E      	MOVF       FARG_IntToStr_output, 0
0x00E2	0x00B7      	MOVWF      FARG_WordToStr_output
0x00E3	0x2037      	CALL       _WordToStr
;__Lib_Conversions.c,209 :: 		
0x00E4	0x3006      	MOVLW      6
0x00E5	0x00AF      	MOVWF      IntToStr_i_L0
0x00E6	0x3000      	MOVLW      0
0x00E7	0x00B0      	MOVWF      IntToStr_i_L0+1
;__Lib_Conversions.c,210 :: 		
L_IntToStr38:
0x00E8	0x0830      	MOVF       IntToStr_i_L0+1, 0
0x00E9	0x3C00      	SUBLW      0
0x00EA	0x1D03      	BTFSS      STATUS, 2
0x00EB	0x28EE      	GOTO       L__IntToStr168
0x00EC	0x082F      	MOVF       IntToStr_i_L0, 0
0x00ED	0x3C00      	SUBLW      0
L__IntToStr168:
0x00EE	0x1803      	BTFSC      STATUS, 0
0x00EF	0x2909      	GOTO       L_IntToStr39
;__Lib_Conversions.c,211 :: 		
0x00F0	0x082F      	MOVF       IntToStr_i_L0, 0
0x00F1	0x072E      	ADDWF      FARG_IntToStr_output, 0
0x00F2	0x00F2      	MOVWF      R2
0x00F3	0x3001      	MOVLW      1
0x00F4	0x022F      	SUBWF      IntToStr_i_L0, 0
0x00F5	0x00F0      	MOVWF      R0
0x00F6	0x3000      	MOVLW      0
0x00F7	0x1C03      	BTFSS      STATUS, 0
0x00F8	0x3E01      	ADDLW      1
0x00F9	0x0230      	SUBWF      IntToStr_i_L0+1, 0
0x00FA	0x00F1      	MOVWF      R0+1
0x00FB	0x0870      	MOVF       R0, 0
0x00FC	0x072E      	ADDWF      FARG_IntToStr_output, 0
0x00FD	0x0084      	MOVWF      FSR
0x00FE	0x0800      	MOVF       INDF, 0
0x00FF	0x00F0      	MOVWF      R0
0x0100	0x0872      	MOVF       R2, 0
0x0101	0x0084      	MOVWF      FSR
0x0102	0x0870      	MOVF       R0, 0
0x0103	0x0080      	MOVWF      INDF
;__Lib_Conversions.c,212 :: 		
0x0104	0x3001      	MOVLW      1
0x0105	0x02AF      	SUBWF      IntToStr_i_L0, 1
0x0106	0x1C03      	BTFSS      STATUS, 0
0x0107	0x03B0      	DECF       IntToStr_i_L0+1, 1
;__Lib_Conversions.c,213 :: 		
0x0108	0x28E8      	GOTO       L_IntToStr38
L_IntToStr39:
;__Lib_Conversions.c,214 :: 		
0x0109	0x082E      	MOVF       FARG_IntToStr_output, 0
0x010A	0x0084      	MOVWF      FSR
0x010B	0x3020      	MOVLW      32
0x010C	0x0080      	MOVWF      INDF
;__Lib_Conversions.c,215 :: 		
0x010D	0x0831      	MOVF       IntToStr_negative_L0, 0
0x010E	0x0432      	IORWF      IntToStr_negative_L0+1, 0
0x010F	0x1903      	BTFSC      STATUS, 2
0x0110	0x2927      	GOTO       L_IntToStr40
;__Lib_Conversions.c,216 :: 		
0x0111	0x01AF      	CLRF       IntToStr_i_L0
0x0112	0x01B0      	CLRF       IntToStr_i_L0+1
;__Lib_Conversions.c,217 :: 		
L_IntToStr41:
0x0113	0x082F      	MOVF       IntToStr_i_L0, 0
0x0114	0x072E      	ADDWF      FARG_IntToStr_output, 0
0x0115	0x0084      	MOVWF      FSR
0x0116	0x0800      	MOVF       INDF, 0
0x0117	0x3A20      	XORLW      32
0x0118	0x1D03      	BTFSS      STATUS, 2
0x0119	0x291E      	GOTO       L_IntToStr42
0x011A	0x0AAF      	INCF       IntToStr_i_L0, 1
0x011B	0x1903      	BTFSC      STATUS, 2
0x011C	0x0AB0      	INCF       IntToStr_i_L0+1, 1
0x011D	0x2913      	GOTO       L_IntToStr41
L_IntToStr42:
;__Lib_Conversions.c,218 :: 		
0x011E	0x3001      	MOVLW      1
0x011F	0x02AF      	SUBWF      IntToStr_i_L0, 1
0x0120	0x1C03      	BTFSS      STATUS, 0
0x0121	0x03B0      	DECF       IntToStr_i_L0+1, 1
;__Lib_Conversions.c,219 :: 		
0x0122	0x082F      	MOVF       IntToStr_i_L0, 0
0x0123	0x072E      	ADDWF      FARG_IntToStr_output, 0
0x0124	0x0084      	MOVWF      FSR
0x0125	0x302D      	MOVLW      45
0x0126	0x0080      	MOVWF      INDF
L_IntToStr40:
;__Lib_Conversions.c,220 :: 		
L_end_IntToStr:
0x0127	0x0008      	RETURN
; end of _IntToStr
_Lcd_Init:
;__Lib_Lcd.c,84 :: 		
;__Lib_Lcd.c,86 :: 		
0x0128	0x1683      	BSF        STATUS, 5
0x0129	0x1303      	BCF        STATUS, 6
0x012A	0x1087      	BCF        LCD_EN_Direction, BitPos(LCD_EN_Direction+0)
;__Lib_Lcd.c,87 :: 		
0x012B	0x1007      	BCF        LCD_RS_Direction, BitPos(LCD_RS_Direction+0)
;__Lib_Lcd.c,88 :: 		
0x012C	0x1107      	BCF        LCD_D4_Direction, BitPos(LCD_D4_Direction+0)
;__Lib_Lcd.c,89 :: 		
0x012D	0x1187      	BCF        LCD_D5_Direction, BitPos(LCD_D5_Direction+0)
;__Lib_Lcd.c,90 :: 		
0x012E	0x1207      	BCF        LCD_D6_Direction, BitPos(LCD_D6_Direction+0)
;__Lib_Lcd.c,91 :: 		
0x012F	0x1287      	BCF        LCD_D7_Direction, BitPos(LCD_D7_Direction+0)
;__Lib_Lcd.c,93 :: 		
0x0130	0x1283      	BCF        STATUS, 5
0x0131	0x1087      	BCF        LCD_EN, BitPos(LCD_EN+0)
;__Lib_Lcd.c,94 :: 		
0x0132	0x1007      	BCF        LCD_RS, BitPos(LCD_RS+0)
;__Lib_Lcd.c,95 :: 		
0x0133	0x1287      	BCF        LCD_D7, BitPos(LCD_D7+0)
;__Lib_Lcd.c,96 :: 		
0x0134	0x1207      	BCF        LCD_D6, BitPos(LCD_D6+0)
;__Lib_Lcd.c,97 :: 		
0x0135	0x1187      	BCF        LCD_D5, BitPos(LCD_D5+0)
;__Lib_Lcd.c,98 :: 		
0x0136	0x1107      	BCF        LCD_D4, BitPos(LCD_D4+0)
;__Lib_Lcd.c,100 :: 		
0x0137	0x200A      	CALL       _Delay_5500us
;__Lib_Lcd.c,101 :: 		
0x0138	0x200A      	CALL       _Delay_5500us
;__Lib_Lcd.c,102 :: 		
0x0139	0x200A      	CALL       _Delay_5500us
;__Lib_Lcd.c,105 :: 		
0x013A	0x1587      	BSF        LCD_D5, BitPos(LCD_D5+0)
;__Lib_Lcd.c,106 :: 		
0x013B	0x1507      	BSF        LCD_D4, BitPos(LCD_D4+0)
;__Lib_Lcd.c,107 :: 		
0x013C	0x1487      	BSF        LCD_EN, BitPos(LCD_EN+0)
;__Lib_Lcd.c,108 :: 		
0x013D	0x2017      	CALL       _Delay_1us
;__Lib_Lcd.c,109 :: 		
0x013E	0x1087      	BCF        LCD_EN, BitPos(LCD_EN+0)
;__Lib_Lcd.c,110 :: 		
0x013F	0x200A      	CALL       _Delay_5500us
;__Lib_Lcd.c,112 :: 		
0x0140	0x1487      	BSF        LCD_EN, BitPos(LCD_EN+0)
;__Lib_Lcd.c,113 :: 		
0x0141	0x2017      	CALL       _Delay_1us
;__Lib_Lcd.c,114 :: 		
0x0142	0x1087      	BCF        LCD_EN, BitPos(LCD_EN+0)
;__Lib_Lcd.c,115 :: 		
0x0143	0x200A      	CALL       _Delay_5500us
;__Lib_Lcd.c,117 :: 		
0x0144	0x1487      	BSF        LCD_EN, BitPos(LCD_EN+0)
;__Lib_Lcd.c,118 :: 		
0x0145	0x2017      	CALL       _Delay_1us
;__Lib_Lcd.c,119 :: 		
0x0146	0x1087      	BCF        LCD_EN, BitPos(LCD_EN+0)
;__Lib_Lcd.c,120 :: 		
0x0147	0x200A      	CALL       _Delay_5500us
;__Lib_Lcd.c,123 :: 		
0x0148	0x1107      	BCF        LCD_D4, BitPos(LCD_D4+0)
;__Lib_Lcd.c,124 :: 		
0x0149	0x1487      	BSF        LCD_EN, BitPos(LCD_EN+0)
;__Lib_Lcd.c,125 :: 		
0x014A	0x2017      	CALL       _Delay_1us
;__Lib_Lcd.c,126 :: 		
0x014B	0x1087      	BCF        LCD_EN, BitPos(LCD_EN+0)
;__Lib_Lcd.c,127 :: 		
0x014C	0x200A      	CALL       _Delay_5500us
;__Lib_Lcd.c,130 :: 		
0x014D	0x1487      	BSF        LCD_EN, BitPos(LCD_EN+0)
;__Lib_Lcd.c,131 :: 		
0x014E	0x2017      	CALL       _Delay_1us
;__Lib_Lcd.c,132 :: 		
0x014F	0x1087      	BCF        LCD_EN, BitPos(LCD_EN+0)
;__Lib_Lcd.c,134 :: 		
0x0150	0x1187      	BCF        LCD_D5, BitPos(LCD_D5+0)
;__Lib_Lcd.c,135 :: 		
0x0151	0x1687      	BSF        LCD_D7, BitPos(LCD_D7+0)
;__Lib_Lcd.c,136 :: 		
0x0152	0x1487      	BSF        LCD_EN, BitPos(LCD_EN+0)
;__Lib_Lcd.c,137 :: 		
0x0153	0x2017      	CALL       _Delay_1us
;__Lib_Lcd.c,138 :: 		
0x0154	0x1087      	BCF        LCD_EN, BitPos(LCD_EN+0)
;__Lib_Lcd.c,139 :: 		
0x0155	0x200A      	CALL       _Delay_5500us
;__Lib_Lcd.c,142 :: 		
0x0156	0x1287      	BCF        LCD_D7, BitPos(LCD_D7+0)
;__Lib_Lcd.c,143 :: 		
0x0157	0x1507      	BSF        LCD_D4, BitPos(LCD_D4+0)
;__Lib_Lcd.c,144 :: 		
0x0158	0x1487      	BSF        LCD_EN, BitPos(LCD_EN+0)
;__Lib_Lcd.c,145 :: 		
0x0159	0x2017      	CALL       _Delay_1us
;__Lib_Lcd.c,146 :: 		
0x015A	0x1087      	BCF        LCD_EN, BitPos(LCD_EN+0)
;__Lib_Lcd.c,148 :: 		
0x015B	0x1107      	BCF        LCD_D4, BitPos(LCD_D4+0)
;__Lib_Lcd.c,149 :: 		
0x015C	0x1487      	BSF        LCD_EN, BitPos(LCD_EN+0)
;__Lib_Lcd.c,150 :: 		
0x015D	0x2017      	CALL       _Delay_1us
;__Lib_Lcd.c,151 :: 		
0x015E	0x1087      	BCF        LCD_EN, BitPos(LCD_EN+0)
;__Lib_Lcd.c,152 :: 		
0x015F	0x200A      	CALL       _Delay_5500us
;__Lib_Lcd.c,155 :: 		
0x0160	0x1487      	BSF        LCD_EN, BitPos(LCD_EN+0)
;__Lib_Lcd.c,156 :: 		
0x0161	0x2017      	CALL       _Delay_1us
;__Lib_Lcd.c,157 :: 		
0x0162	0x1087      	BCF        LCD_EN, BitPos(LCD_EN+0)
;__Lib_Lcd.c,159 :: 		
0x0163	0x1507      	BSF        LCD_D4, BitPos(LCD_D4+0)
;__Lib_Lcd.c,160 :: 		
0x0164	0x1487      	BSF        LCD_EN, BitPos(LCD_EN+0)
;__Lib_Lcd.c,161 :: 		
0x0165	0x2017      	CALL       _Delay_1us
;__Lib_Lcd.c,162 :: 		
0x0166	0x1087      	BCF        LCD_EN, BitPos(LCD_EN+0)
;__Lib_Lcd.c,163 :: 		
0x0167	0x200A      	CALL       _Delay_5500us
;__Lib_Lcd.c,166 :: 		
0x0168	0x1107      	BCF        LCD_D4, BitPos(LCD_D4+0)
;__Lib_Lcd.c,167 :: 		
0x0169	0x1487      	BSF        LCD_EN, BitPos(LCD_EN+0)
;__Lib_Lcd.c,168 :: 		
0x016A	0x2017      	CALL       _Delay_1us
;__Lib_Lcd.c,169 :: 		
0x016B	0x1087      	BCF        LCD_EN, BitPos(LCD_EN+0)
;__Lib_Lcd.c,171 :: 		
0x016C	0x1687      	BSF        LCD_D7, BitPos(LCD_D7+0)
;__Lib_Lcd.c,172 :: 		
0x016D	0x1607      	BSF        LCD_D6, BitPos(LCD_D6+0)
;__Lib_Lcd.c,173 :: 		
0x016E	0x1587      	BSF        LCD_D5, BitPos(LCD_D5+0)
;__Lib_Lcd.c,174 :: 		
0x016F	0x1507      	BSF        LCD_D4, BitPos(LCD_D4+0)
;__Lib_Lcd.c,175 :: 		
0x0170	0x1487      	BSF        LCD_EN, BitPos(LCD_EN+0)
;__Lib_Lcd.c,176 :: 		
0x0171	0x2017      	CALL       _Delay_1us
;__Lib_Lcd.c,177 :: 		
0x0172	0x1087      	BCF        LCD_EN, BitPos(LCD_EN+0)
;__Lib_Lcd.c,179 :: 		
0x0173	0x200A      	CALL       _Delay_5500us
;__Lib_Lcd.c,181 :: 		
0x0174	0x1424      	BSF        __Lib_Lcd_cmd_status, BitPos(__Lib_Lcd_cmd_status+0)
;__Lib_Lcd.c,182 :: 		
L_end_Lcd_Init:
0x0175	0x0008      	RETURN
; end of _Lcd_Init
_Lcd_Chr:
;__Lib_Lcd.c,65 :: 		
;__Lib_Lcd.c,66 :: 		
0x0176	0x2988      	GOTO       L_Lcd_Chr4
;__Lib_Lcd.c,67 :: 		
L_Lcd_Chr6:
0x0177	0x3080      	MOVLW      128
0x0178	0x1283      	BCF        STATUS, 5
0x0179	0x1303      	BCF        STATUS, 6
0x017A	0x00AC      	MOVWF      FARG_Lcd_Chr_row
0x017B	0x299B      	GOTO       L_Lcd_Chr5
;__Lib_Lcd.c,68 :: 		
L_Lcd_Chr7:
0x017C	0x30C0      	MOVLW      192
0x017D	0x00AC      	MOVWF      FARG_Lcd_Chr_row
0x017E	0x299B      	GOTO       L_Lcd_Chr5
;__Lib_Lcd.c,69 :: 		
L_Lcd_Chr8:
0x017F	0x3094      	MOVLW      148
0x0180	0x00AC      	MOVWF      FARG_Lcd_Chr_row
0x0181	0x299B      	GOTO       L_Lcd_Chr5
;__Lib_Lcd.c,70 :: 		
L_Lcd_Chr9:
0x0182	0x30D4      	MOVLW      212
0x0183	0x00AC      	MOVWF      FARG_Lcd_Chr_row
0x0184	0x299B      	GOTO       L_Lcd_Chr5
;__Lib_Lcd.c,71 :: 		
L_Lcd_Chr10:
0x0185	0x3080      	MOVLW      128
0x0186	0x00AC      	MOVWF      FARG_Lcd_Chr_row
;__Lib_Lcd.c,72 :: 		
0x0187	0x299B      	GOTO       L_Lcd_Chr5
L_Lcd_Chr4:
0x0188	0x1283      	BCF        STATUS, 5
0x0189	0x1303      	BCF        STATUS, 6
0x018A	0x082C      	MOVF       FARG_Lcd_Chr_row, 0
0x018B	0x3A01      	XORLW      1
0x018C	0x1903      	BTFSC      STATUS, 2
0x018D	0x2977      	GOTO       L_Lcd_Chr6
0x018E	0x082C      	MOVF       FARG_Lcd_Chr_row, 0
0x018F	0x3A02      	XORLW      2
0x0190	0x1903      	BTFSC      STATUS, 2
0x0191	0x297C      	GOTO       L_Lcd_Chr7
0x0192	0x082C      	MOVF       FARG_Lcd_Chr_row, 0
0x0193	0x3A03      	XORLW      3
0x0194	0x1903      	BTFSC      STATUS, 2
0x0195	0x297F      	GOTO       L_Lcd_Chr8
0x0196	0x082C      	MOVF       FARG_Lcd_Chr_row, 0
0x0197	0x3A04      	XORLW      4
0x0198	0x1903      	BTFSC      STATUS, 2
0x0199	0x2982      	GOTO       L_Lcd_Chr9
0x019A	0x2985      	GOTO       L_Lcd_Chr10
L_Lcd_Chr5:
;__Lib_Lcd.c,74 :: 		
0x019B	0x032D      	DECF       FARG_Lcd_Chr_column, 0
0x019C	0x00F0      	MOVWF      R0
0x019D	0x082C      	MOVF       FARG_Lcd_Chr_row, 0
0x019E	0x07F0      	ADDWF      R0, 1
0x019F	0x0870      	MOVF       R0, 0
0x01A0	0x00AC      	MOVWF      FARG_Lcd_Chr_row
;__Lib_Lcd.c,76 :: 		
0x01A1	0x1424      	BSF        __Lib_Lcd_cmd_status, BitPos(__Lib_Lcd_cmd_status+0)
;__Lib_Lcd.c,77 :: 		
0x01A2	0x0870      	MOVF       R0, 0
0x01A3	0x00B5      	MOVWF      FARG_Lcd_Cmd_out_char
0x01A4	0x2077      	CALL       _Lcd_Cmd
;__Lib_Lcd.c,79 :: 		
0x01A5	0x1024      	BCF        __Lib_Lcd_cmd_status, BitPos(__Lib_Lcd_cmd_status+0)
;__Lib_Lcd.c,80 :: 		
0x01A6	0x082E      	MOVF       FARG_Lcd_Chr_out_char, 0
0x01A7	0x00B5      	MOVWF      FARG_Lcd_Cmd_out_char
0x01A8	0x2077      	CALL       _Lcd_Cmd
;__Lib_Lcd.c,81 :: 		
0x01A9	0x1424      	BSF        __Lib_Lcd_cmd_status, BitPos(__Lib_Lcd_cmd_status+0)
;__Lib_Lcd.c,82 :: 		
L_end_Lcd_Chr:
0x01AA	0x0008      	RETURN
; end of _Lcd_Chr
___CC2DW:
;__Lib_System.c,134 :: 		
;__Lib_System.c,137 :: 		
_CC2D_Loop1:
;__Lib_System.c,139 :: 		
0x01AB	0x20B7      	CALL       _____DoICP
0x01AC	0x118A      	BCF        PCLATH, 3
0x01AD	0x120A      	BCF        PCLATH, 4
;__Lib_System.c,141 :: 		
0x01AE	0x0080      	MOVWF      INDF
;__Lib_System.c,142 :: 		
0x01AF	0x0A84      	INCF       FSR, 1
;__Lib_System.c,143 :: 		
0x01B0	0x0AA2      	INCF       ___DoICPAddr, 1
;__Lib_System.c,145 :: 		
0x01B1	0x1903      	BTFSC      STATUS, 2
;__Lib_System.c,146 :: 		
0x01B2	0x0AA3      	INCF       ___DoICPAddr+1, 1
;__Lib_System.c,147 :: 		
0x01B3	0x03F0      	DECF       R0, 1
;__Lib_System.c,149 :: 		
0x01B4	0x1D03      	BTFSS      STATUS, 2
;__Lib_System.c,150 :: 		
0x01B5	0x29AB      	GOTO       _CC2D_Loop1
;__Lib_System.c,152 :: 		
L_end___CC2DW:
0x01B6	0x0008      	RETURN
; end of ___CC2DW
_main:
0x01B7	0x307B      	MOVLW      123
0x01B8	0x1283      	BCF        STATUS, 5
0x01B9	0x1303      	BCF        STATUS, 6
0x01BA	0x00A0      	MOVWF      _num
0x01BB	0x01A1      	CLRF       33
;MyProject.c,18 :: 		void main() {
;MyProject.c,19 :: 		lcd_init();
0x01BC	0x2128      	CALL       _Lcd_Init
;MyProject.c,20 :: 		Lcd_Cmd( _LCD_CURSOR_OFF);
0x01BD	0x300C      	MOVLW      12
0x01BE	0x00B5      	MOVWF      FARG_Lcd_Cmd_out_char
0x01BF	0x2077      	CALL       _Lcd_Cmd
;MyProject.c,21 :: 		intToStr(num,numc);
0x01C0	0x0820      	MOVF       _num, 0
0x01C1	0x00AC      	MOVWF      FARG_IntToStr_input
0x01C2	0x0821      	MOVF       _num+1, 0
0x01C3	0x00AD      	MOVWF      FARG_IntToStr_input+1
0x01C4	0x3025      	MOVLW      _numc
0x01C5	0x00AE      	MOVWF      FARG_IntToStr_output
0x01C6	0x20BE      	CALL       _IntToStr
;MyProject.c,22 :: 		LCD_chr(1,1,numc[5]);
0x01C7	0x3001      	MOVLW      1
0x01C8	0x00AC      	MOVWF      FARG_Lcd_Chr_row
0x01C9	0x3001      	MOVLW      1
0x01CA	0x00AD      	MOVWF      FARG_Lcd_Chr_column
0x01CB	0x082A      	MOVF       _numc+5, 0
0x01CC	0x00AE      	MOVWF      FARG_Lcd_Chr_out_char
0x01CD	0x2176      	CALL       _Lcd_Chr
;MyProject.c,24 :: 		}
L_end_main:
0x01CE	0x29CE      	GOTO       $+0
; end of _main
Symbol List:
//** Routines locations **
//ADDRESS    SIZE    PROCEDURE
//----------------------------------------------
0x0003       [7]    _Delay_50us
0x000A      [13]    _Delay_5500us
0x0017       [3]    _Delay_1us
0x001A      [29]    _Div_16X16_U
0x0037      [64]    _WordToStr
0x0077      [64]    _Lcd_Cmd
0x00B7       [7]    _____DoICP
0x00BE     [106]    _IntToStr
0x0128      [78]    _Lcd_Init
0x0176      [53]    _Lcd_Chr
0x01AB      [12]    ___CC2DW
0x01B7      [24]    _main
//** Variables locations ** 
//ADDRESS    SIZE    VARIABLE
//----------------------------------------------
0x0000       [1]    INDF
0x0002       [1]    PCL
0x0003       [1]    STATUS
0x0004       [1]    FSR
0x0007       [0]    RC3_bit
0x0007       [0]    RC4_bit
0x0007       [0]    RC5_bit
0x0007       [0]    RC2_bit
0x0007       [0]    RC0_bit
0x0007       [0]    RC1_bit
0x0007       [0]    LCD_D5
0x0007       [0]    LCD_D6
0x0007       [0]    LCD_D7
0x0007       [0]    LCD_D4
0x0007       [0]    LCD_RS
0x0007       [0]    LCD_EN
0x000A       [1]    PCLATH
0x0020       [2]    _num
0x0022       [2]    ___DoICPAddr
0x0024       [0]    __Lib_Lcd_cmd_status
0x0025       [7]    _numc
0x002C       [1]    FARG_Lcd_Chr_row
0x002C       [2]    FARG_IntToStr_input
0x002D       [1]    FARG_Lcd_Chr_column
0x002E       [1]    FARG_IntToStr_output
0x002E       [1]    FARG_Lcd_Chr_out_char
0x002F       [2]    IntToStr_i_L0
0x0031       [2]    IntToStr_negative_L0
0x0033       [2]    IntToStr_inword_L0
0x0035       [1]    FARG_Lcd_Cmd_out_char
0x0035       [2]    FARG_WordToStr_input
0x0037       [1]    FARG_WordToStr_output
0x0038       [1]    WordToStr_len_L0
0x0039       [1]    FLOC__WordToStr
0x0070       [1]    R0
0x0071       [1]    R1
0x0072       [1]    R2
0x0073       [1]    R3
0x0074       [1]    R4
0x0075       [1]    R5
0x0076       [1]    R6
0x0077       [1]    R7
0x0078       [1]    R8
0x0079       [1]    R9
0x007A       [1]    R10
0x007B       [1]    R11
0x007C       [1]    R12
0x007D       [1]    R13
0x007E       [1]    R14
0x007F       [1]    R15
0x0087       [0]    TRISC5_bit
0x0087       [0]    TRISC4_bit
0x0087       [0]    TRISC3_bit
0x0087       [0]    LCD_D5_Direction
0x0087       [0]    LCD_RS_Direction
0x0087       [0]    LCD_EN_Direction
0x0087       [0]    LCD_D4_Direction
0x0087       [0]    TRISC2_bit
0x0087       [0]    LCD_D6_Direction
0x0087       [0]    TRISC1_bit
0x0087       [0]    TRISC0_bit
0x0087       [0]    LCD_D7_Direction
