;  LST file generated by mikroListExporter - v.2.0 
; Date/Time: 2019-03-27 3:28:37 PM
;----------------------------------------------

;Address Opcode 	ASM
0x0000	0x2803      	GOTO       3
_main:
;automaticDoor.c,10 :: 		void main() {
;automaticDoor.c,12 :: 		trisd = 0b00011111   ;
0x0003	0x301F      	MOVLW      31
0x0004	0x1683      	BSF        STATUS, 5
0x0005	0x1303      	BCF        STATUS, 6
0x0006	0x0088      	MOVWF      TRISD
;automaticDoor.c,13 :: 		trisc = 0x00;
0x0007	0x0187      	CLRF       TRISC
;automaticDoor.c,14 :: 		portc = 0;
0x0008	0x1283      	BCF        STATUS, 5
0x0009	0x0187      	CLRF       PORTC
;automaticDoor.c,16 :: 		while(start == 0);
L_main0:
0x000A	0x1808      	BTFSC      PORTD, 0
0x000B	0x280D      	GOTO       L_main1
0x000C	0x280A      	GOTO       L_main0
L_main1:
;automaticDoor.c,17 :: 		portc.f2 = 1; //for test only
0x000D	0x1507      	BSF        PORTC, 2
;automaticDoor.c,19 :: 		while(1){
L_main2:
;automaticDoor.c,20 :: 		if(sensorIn == 1 || sensorOut == 1){
0x000E	0x1888      	BTFSC      PORTD, 1
0x000F	0x2813      	GOTO       L__main17
0x0010	0x1908      	BTFSC      PORTD, 2
0x0011	0x2813      	GOTO       L__main17
0x0012	0x283E      	GOTO       L_main6
L__main17:
;automaticDoor.c,21 :: 		L1:
___main_L1:
;automaticDoor.c,24 :: 		open = 1; // start the motor
0x0013	0x1407      	BSF        PORTC, 0
;automaticDoor.c,25 :: 		while(limitOpen == 0);
L_main7:
0x0014	0x1988      	BTFSC      PORTD, 3
0x0015	0x2817      	GOTO       L_main8
0x0016	0x2814      	GOTO       L_main7
L_main8:
;automaticDoor.c,26 :: 		open = 0;
0x0017	0x1007      	BCF        PORTC, 0
;automaticDoor.c,27 :: 		portc.f2 = 0 ; // for test only
0x0018	0x1107      	BCF        PORTC, 2
;automaticDoor.c,28 :: 		delay_ms(2000);
0x0019	0x3015      	MOVLW      21
0x001A	0x00FB      	MOVWF      R11
0x001B	0x304B      	MOVLW      75
0x001C	0x00FC      	MOVWF      R12
0x001D	0x30BE      	MOVLW      190
0x001E	0x00FD      	MOVWF      R13
L_main9:
0x001F	0x0BFD      	DECFSZ     R13, 1
0x0020	0x281F      	GOTO       L_main9
0x0021	0x0BFC      	DECFSZ     R12, 1
0x0022	0x281F      	GOTO       L_main9
0x0023	0x0BFB      	DECFSZ     R11, 1
0x0024	0x281F      	GOTO       L_main9
0x0025	0x0000      	NOP
;automaticDoor.c,29 :: 		close = 1;  // revrse the motor direction
0x0026	0x1487      	BSF        PORTC, 1
;automaticDoor.c,32 :: 		while(limitClose == 0){
L_main10:
0x0027	0x1A08      	BTFSC      PORTD, 4
0x0028	0x283E      	GOTO       L_main11
;automaticDoor.c,33 :: 		if(sensorIn == 1 || sensorOut == 1){
0x0029	0x1888      	BTFSC      PORTD, 1
0x002A	0x282E      	GOTO       L__main16
0x002B	0x1908      	BTFSC      PORTD, 2
0x002C	0x282E      	GOTO       L__main16
0x002D	0x283D      	GOTO       L_main14
L__main16:
;automaticDoor.c,34 :: 		delay_ms(500);
0x002E	0x3006      	MOVLW      6
0x002F	0x00FB      	MOVWF      R11
0x0030	0x3013      	MOVLW      19
0x0031	0x00FC      	MOVWF      R12
0x0032	0x30AD      	MOVLW      173
0x0033	0x00FD      	MOVWF      R13
L_main15:
0x0034	0x0BFD      	DECFSZ     R13, 1
0x0035	0x2834      	GOTO       L_main15
0x0036	0x0BFC      	DECFSZ     R12, 1
0x0037	0x2834      	GOTO       L_main15
0x0038	0x0BFB      	DECFSZ     R11, 1
0x0039	0x2834      	GOTO       L_main15
0x003A	0x0000      	NOP
0x003B	0x0000      	NOP
;automaticDoor.c,35 :: 		goto L1;
0x003C	0x2813      	GOTO       ___main_L1
;automaticDoor.c,36 :: 		}
L_main14:
;automaticDoor.c,37 :: 		}
0x003D	0x2827      	GOTO       L_main10
L_main11:
;automaticDoor.c,39 :: 		}
L_main6:
;automaticDoor.c,40 :: 		}
0x003E	0x280E      	GOTO       L_main2
;automaticDoor.c,41 :: 		}
L_end_main:
0x003F	0x283F      	GOTO       $+0
; end of _main
Symbol List:
//** Routines locations **
//ADDRESS    SIZE    PROCEDURE
//----------------------------------------------
0x0003      [61]    _main
//** Variables locations ** 
//ADDRESS    SIZE    VARIABLE
//----------------------------------------------
0x0000       [1]    INDF
0x0003       [1]    STATUS
0x0004       [1]    FSR
0x0007       [1]    PORTC
0x0008       [1]    PORTD
0x000A       [1]    PCLATH
0x0020       [2]    ___DoICPAddr
0x0070       [1]    R0
0x0071       [1]    R1
0x0072       [1]    R2
0x0073       [1]    R3
0x0074       [1]    R4
0x0075       [1]    R5
0x0076       [1]    R6
0x0077       [1]    R7
0x0078       [1]    R8
0x0079       [1]    R9
0x007A       [1]    R10
0x007B       [1]    R11
0x007C       [1]    R12
0x007D       [1]    R13
0x007E       [1]    R14
0x007F       [1]    R15
0x0087       [1]    TRISC
0x0088       [1]    TRISD
