;  LST file generated by mikroListExporter - v.2.0 
; Date/Time: 2019-03-27 4:11:06 PM
;----------------------------------------------

;Address Opcode 	ASM
0x0000	0x2816      	GOTO       22
_____DoICP:
;__Lib_System.c,6 :: 		
;__Lib_System.c,9 :: 		
0x0003	0x1283      	BCF        STATUS, 5
0x0004	0x1303      	BCF        STATUS, 6
0x0005	0x0825      	MOVF       ___DoICPAddr+1, 0
0x0006	0x008A      	MOVWF      PCLATH
;__Lib_System.c,10 :: 		
0x0007	0x0824      	MOVF       ___DoICPAddr, 0
0x0008	0x0082      	MOVWF      PCL
;__Lib_System.c,12 :: 		
L_end_____DoICP:
0x0009	0x0008      	RETURN
; end of _____DoICP
___CC2DW:
;__Lib_System.c,134 :: 		
;__Lib_System.c,137 :: 		
_CC2D_Loop1:
;__Lib_System.c,139 :: 		
0x000A	0x2003      	CALL       _____DoICP
0x000B	0x118A      	BCF        PCLATH, 3
0x000C	0x120A      	BCF        PCLATH, 4
;__Lib_System.c,141 :: 		
0x000D	0x0080      	MOVWF      INDF
;__Lib_System.c,142 :: 		
0x000E	0x0A84      	INCF       FSR, 1
;__Lib_System.c,143 :: 		
0x000F	0x0AA4      	INCF       ___DoICPAddr, 1
;__Lib_System.c,145 :: 		
0x0010	0x1903      	BTFSC      STATUS, 2
;__Lib_System.c,146 :: 		
0x0011	0x0AA5      	INCF       ___DoICPAddr+1, 1
;__Lib_System.c,147 :: 		
0x0012	0x03F0      	DECF       R0, 1
;__Lib_System.c,149 :: 		
0x0013	0x1D03      	BTFSS      STATUS, 2
;__Lib_System.c,150 :: 		
0x0014	0x280A      	GOTO       _CC2D_Loop1
;__Lib_System.c,152 :: 		
L_end___CC2DW:
0x0015	0x0008      	RETURN
; end of ___CC2DW
_main:
0x0016	0x1283      	BCF        STATUS, 5
0x0017	0x1303      	BCF        STATUS, 6
0x0018	0x01A0      	CLRF       _i
0x0019	0x01A1      	CLRF       33
0x001A	0x01A2      	CLRF       _count
0x001B	0x01A3      	CLRF       35
;multiFunction.c,4 :: 		void main() {
;multiFunction.c,6 :: 		trisd = 0b00000100;
0x001C	0x3004      	MOVLW      4
0x001D	0x1683      	BSF        STATUS, 5
0x001E	0x0088      	MOVWF      TRISD
;multiFunction.c,7 :: 		trisb = 0x00;
0x001F	0x0186      	CLRF       TRISB
;multiFunction.c,8 :: 		portb = 0x00;
0x0020	0x1283      	BCF        STATUS, 5
0x0021	0x0186      	CLRF       PORTB
;multiFunction.c,11 :: 		while(1){
L_main0:
;multiFunction.c,12 :: 		count = 0;
0x0022	0x01A2      	CLRF       _count
0x0023	0x01A3      	CLRF       _count+1
;multiFunction.c,13 :: 		while(portd.f2 == 0);
L_main2:
0x0024	0x1908      	BTFSC      PORTD, 2
0x0025	0x2827      	GOTO       L_main3
0x0026	0x2824      	GOTO       L_main2
L_main3:
;multiFunction.c,15 :: 		while(portd.f2 == 1){
L_main4:
0x0027	0x1D08      	BTFSS      PORTD, 2
0x0028	0x2837      	GOTO       L_main5
;multiFunction.c,16 :: 		count++;
0x0029	0x0AA2      	INCF       _count, 1
0x002A	0x1903      	BTFSC      STATUS, 2
0x002B	0x0AA3      	INCF       _count+1, 1
;multiFunction.c,17 :: 		delay_ms(5);
0x002C	0x300D      	MOVLW      13
0x002D	0x00FC      	MOVWF      R12
0x002E	0x30FB      	MOVLW      251
0x002F	0x00FD      	MOVWF      R13
L_main6:
0x0030	0x0BFD      	DECFSZ     R13, 1
0x0031	0x2830      	GOTO       L_main6
0x0032	0x0BFC      	DECFSZ     R12, 1
0x0033	0x2830      	GOTO       L_main6
0x0034	0x0000      	NOP
0x0035	0x0000      	NOP
;multiFunction.c,18 :: 		}
0x0036	0x2827      	GOTO       L_main4
L_main5:
;multiFunction.c,20 :: 		if(count < 70) {
0x0037	0x3080      	MOVLW      128
0x0038	0x0623      	XORWF      _count+1, 0
0x0039	0x00F0      	MOVWF      R0
0x003A	0x3080      	MOVLW      128
0x003B	0x0270      	SUBWF      R0, 0
0x003C	0x1D03      	BTFSS      STATUS, 2
0x003D	0x2840      	GOTO       L__main19
0x003E	0x3046      	MOVLW      70
0x003F	0x0222      	SUBWF      _count, 0
L__main19:
0x0040	0x1803      	BTFSC      STATUS, 0
0x0041	0x2869      	GOTO       L_main7
;multiFunction.c,21 :: 		for(i = 0;i < 500;i++){ // waiting for the second press
0x0042	0x01A0      	CLRF       _i
0x0043	0x01A1      	CLRF       _i+1
L_main8:
0x0044	0x3080      	MOVLW      128
0x0045	0x0621      	XORWF      _i+1, 0
0x0046	0x00F0      	MOVWF      R0
0x0047	0x3080      	MOVLW      128
0x0048	0x3A01      	XORLW      1
0x0049	0x0270      	SUBWF      R0, 0
0x004A	0x1D03      	BTFSS      STATUS, 2
0x004B	0x284E      	GOTO       L__main20
0x004C	0x30F4      	MOVLW      244
0x004D	0x0220      	SUBWF      _i, 0
L__main20:
0x004E	0x1803      	BTFSC      STATUS, 0
0x004F	0x2865      	GOTO       L_main9
;multiFunction.c,22 :: 		if(portd.f2 == 1){
0x0050	0x1D08      	BTFSS      PORTD, 2
0x0051	0x2857      	GOTO       L_main11
;multiFunction.c,23 :: 		while(portd.f2 == 1);
L_main12:
0x0052	0x1D08      	BTFSS      PORTD, 2
0x0053	0x2855      	GOTO       L_main13
0x0054	0x2852      	GOTO       L_main12
L_main13:
;multiFunction.c,24 :: 		portb.f2 = 1;
0x0055	0x1506      	BSF        PORTB, 2
;multiFunction.c,25 :: 		break;
0x0056	0x2865      	GOTO       L_main9
;multiFunction.c,26 :: 		}
L_main11:
;multiFunction.c,27 :: 		delay_ms(1);}
0x0057	0x3003      	MOVLW      3
0x0058	0x00FC      	MOVWF      R12
0x0059	0x3097      	MOVLW      151
0x005A	0x00FD      	MOVWF      R13
L_main14:
0x005B	0x0BFD      	DECFSZ     R13, 1
0x005C	0x285B      	GOTO       L_main14
0x005D	0x0BFC      	DECFSZ     R12, 1
0x005E	0x285B      	GOTO       L_main14
0x005F	0x0000      	NOP
0x0060	0x0000      	NOP
;multiFunction.c,21 :: 		for(i = 0;i < 500;i++){ // waiting for the second press
0x0061	0x0AA0      	INCF       _i, 1
0x0062	0x1903      	BTFSC      STATUS, 2
0x0063	0x0AA1      	INCF       _i+1, 1
;multiFunction.c,27 :: 		delay_ms(1);}
0x0064	0x2844      	GOTO       L_main8
L_main9:
;multiFunction.c,28 :: 		if(portb.f2 == 0)
0x0065	0x1906      	BTFSC      PORTB, 2
0x0066	0x2868      	GOTO       L_main15
;multiFunction.c,29 :: 		portb.f0 = 1;
0x0067	0x1406      	BSF        PORTB, 0
L_main15:
;multiFunction.c,30 :: 		}
0x0068	0x286A      	GOTO       L_main16
L_main7:
;multiFunction.c,32 :: 		portb.f1 = 1;
0x0069	0x1486      	BSF        PORTB, 1
L_main16:
;multiFunction.c,34 :: 		delay_ms(1000);
0x006A	0x300B      	MOVLW      11
0x006B	0x00FB      	MOVWF      R11
0x006C	0x3026      	MOVLW      38
0x006D	0x00FC      	MOVWF      R12
0x006E	0x305D      	MOVLW      93
0x006F	0x00FD      	MOVWF      R13
L_main17:
0x0070	0x0BFD      	DECFSZ     R13, 1
0x0071	0x2870      	GOTO       L_main17
0x0072	0x0BFC      	DECFSZ     R12, 1
0x0073	0x2870      	GOTO       L_main17
0x0074	0x0BFB      	DECFSZ     R11, 1
0x0075	0x2870      	GOTO       L_main17
0x0076	0x0000      	NOP
0x0077	0x0000      	NOP
;multiFunction.c,35 :: 		}
0x0078	0x2822      	GOTO       L_main0
;multiFunction.c,36 :: 		}
L_end_main:
0x0079	0x2879      	GOTO       $+0
; end of _main
Symbol List:
//** Routines locations **
//ADDRESS    SIZE    PROCEDURE
//----------------------------------------------
0x0003       [7]    _____DoICP
0x000A      [12]    ___CC2DW
0x0016     [100]    _main
//** Variables locations ** 
//ADDRESS    SIZE    VARIABLE
//----------------------------------------------
0x0000       [1]    INDF
0x0002       [1]    PCL
0x0003       [1]    STATUS
0x0004       [1]    FSR
0x0006       [1]    PORTB
0x0008       [1]    PORTD
0x000A       [1]    PCLATH
0x0020       [2]    _i
0x0022       [2]    _count
0x0024       [2]    ___DoICPAddr
0x0070       [1]    R0
0x0071       [1]    R1
0x0072       [1]    R2
0x0073       [1]    R3
0x0074       [1]    R4
0x0075       [1]    R5
0x0076       [1]    R6
0x0077       [1]    R7
0x0078       [1]    R8
0x0079       [1]    R9
0x007A       [1]    R10
0x007B       [1]    R11
0x007C       [1]    R12
0x007D       [1]    R13
0x007E       [1]    R14
0x007F       [1]    R15
0x0086       [1]    TRISB
0x0088       [1]    TRISD
