;  LST file generated by mikroListExporter - v.2.0 
; Date/Time: 2019-03-20 8:29:37 PM
;----------------------------------------------

;Address Opcode 	ASM
0x0000	0x2803      	GOTO       3
_main:
;waterLevel.c,1 :: 		void main() {
;waterLevel.c,2 :: 		trisc = 0;
0x0003	0x1683      	BSF        STATUS, 5
0x0004	0x1303      	BCF        STATUS, 6
0x0005	0x0187      	CLRF       TRISC
;waterLevel.c,3 :: 		portc= 0;
0x0006	0x1283      	BCF        STATUS, 5
0x0007	0x0187      	CLRF       PORTC
;waterLevel.c,4 :: 		trisd = 0b00011000;
0x0008	0x3018      	MOVLW      24
0x0009	0x1683      	BSF        STATUS, 5
0x000A	0x0088      	MOVWF      TRISD
;waterLevel.c,5 :: 		while(1)
L_main0:
;waterLevel.c,6 :: 		if(portd.f3 == 1  && portd.f4 == 0)
0x000B	0x1283      	BCF        STATUS, 5
0x000C	0x1D88      	BTFSS      PORTD, 3
0x000D	0x2812      	GOTO       L_main4
0x000E	0x1A08      	BTFSC      PORTD, 4
0x000F	0x2812      	GOTO       L_main4
L__main6:
;waterLevel.c,7 :: 		portc.f0 = 1;
0x0010	0x1407      	BSF        PORTC, 0
0x0011	0x2813      	GOTO       L_main5
L_main4:
;waterLevel.c,9 :: 		portc.f0 = 0;
0x0012	0x1007      	BCF        PORTC, 0
L_main5:
0x0013	0x280B      	GOTO       L_main0
;waterLevel.c,13 :: 		}
L_end_main:
0x0014	0x2814      	GOTO       $+0
; end of _main
Symbol List:
//** Routines locations **
//ADDRESS    SIZE    PROCEDURE
//----------------------------------------------
0x0003      [18]    _main
//** Variables locations ** 
//ADDRESS    SIZE    VARIABLE
//----------------------------------------------
0x0000       [1]    INDF
0x0003       [1]    STATUS
0x0004       [1]    FSR
0x0007       [1]    PORTC
0x0008       [1]    PORTD
0x000A       [1]    PCLATH
0x0020       [2]    ___DoICPAddr
0x0070       [1]    R0
0x0071       [1]    R1
0x0072       [1]    R2
0x0073       [1]    R3
0x0074       [1]    R4
0x0075       [1]    R5
0x0076       [1]    R6
0x0077       [1]    R7
0x0078       [1]    R8
0x0079       [1]    R9
0x007A       [1]    R10
0x007B       [1]    R11
0x007C       [1]    R12
0x007D       [1]    R13
0x007E       [1]    R14
0x007F       [1]    R15
0x0087       [1]    TRISC
0x0088       [1]    TRISD
