;  LST file generated by mikroListExporter - v.2.0 
; Date/Time: 2019-03-27 10:19:45 PM
;----------------------------------------------

;Address Opcode 	ASM
0x0000	0x2814      	GOTO       20
_hexToDecimal:
;MyProject.c,14 :: 		int hexToDecimal(int i) {
;MyProject.c,15 :: 		return i * 16;
0x0003	0x3004      	MOVLW      4
0x0004	0x1283      	BCF        STATUS, 5
0x0005	0x1303      	BCF        STATUS, 6
0x0006	0x00F2      	MOVWF      R2
0x0007	0x0826      	MOVF       FARG_hexToDecimal_i, 0
0x0008	0x00F0      	MOVWF      R0
0x0009	0x0827      	MOVF       FARG_hexToDecimal_i+1, 0
0x000A	0x00F1      	MOVWF      R0+1
0x000B	0x0872      	MOVF       R2, 0
L__hexToDecimal11:
0x000C	0x1903      	BTFSC      STATUS, 2
0x000D	0x2813      	GOTO       L__hexToDecimal12
0x000E	0x0DF0      	RLF        R0, 1
0x000F	0x0DF1      	RLF        R0+1, 1
0x0010	0x1070      	BCF        R0, 0
0x0011	0x3EFF      	ADDLW      255
0x0012	0x280C      	GOTO       L__hexToDecimal11
L__hexToDecimal12:
;MyProject.c,16 :: 		}
L_end_hexToDecimal:
0x0013	0x0008      	RETURN
; end of _hexToDecimal
_main:
;MyProject.c,3 :: 		void main() {
;MyProject.c,4 :: 		trisb = 0x00;
0x0014	0x1683      	BSF        STATUS, 5
0x0015	0x1303      	BCF        STATUS, 6
0x0016	0x0186      	CLRF       TRISB
;MyProject.c,5 :: 		portb = 0;
0x0017	0x1283      	BCF        STATUS, 5
0x0018	0x0186      	CLRF       PORTB
;MyProject.c,6 :: 		for( i = 0; i <= 9 ; i++){
0x0019	0x01A0      	CLRF       _i
0x001A	0x01A1      	CLRF       _i+1
L_main0:
0x001B	0x3080      	MOVLW      128
0x001C	0x00F0      	MOVWF      R0
0x001D	0x3080      	MOVLW      128
0x001E	0x0621      	XORWF      _i+1, 0
0x001F	0x0270      	SUBWF      R0, 0
0x0020	0x1D03      	BTFSS      STATUS, 2
0x0021	0x2824      	GOTO       L__main8
0x0022	0x0820      	MOVF       _i, 0
0x0023	0x3C09      	SUBLW      9
L__main8:
0x0024	0x1C03      	BTFSS      STATUS, 0
0x0025	0x2851      	GOTO       L_main1
;MyProject.c,7 :: 		for( j = 0;j <= 9; j++){
0x0026	0x01A2      	CLRF       _j
0x0027	0x01A3      	CLRF       _j+1
L_main3:
0x0028	0x3080      	MOVLW      128
0x0029	0x00F0      	MOVWF      R0
0x002A	0x3080      	MOVLW      128
0x002B	0x0623      	XORWF      _j+1, 0
0x002C	0x0270      	SUBWF      R0, 0
0x002D	0x1D03      	BTFSS      STATUS, 2
0x002E	0x2831      	GOTO       L__main9
0x002F	0x0822      	MOVF       _j, 0
0x0030	0x3C09      	SUBLW      9
L__main9:
0x0031	0x1C03      	BTFSS      STATUS, 0
0x0032	0x284D      	GOTO       L_main4
;MyProject.c,8 :: 		portb = j + hexToDecimal(i);
0x0033	0x0820      	MOVF       _i, 0
0x0034	0x00A6      	MOVWF      FARG_hexToDecimal_i
0x0035	0x0821      	MOVF       _i+1, 0
0x0036	0x00A7      	MOVWF      FARG_hexToDecimal_i+1
0x0037	0x2003      	CALL       _hexToDecimal
0x0038	0x0870      	MOVF       R0, 0
0x0039	0x0722      	ADDWF      _j, 0
0x003A	0x0086      	MOVWF      PORTB
;MyProject.c,9 :: 		delay_ms(500);
0x003B	0x3006      	MOVLW      6
0x003C	0x00FB      	MOVWF      R11
0x003D	0x3013      	MOVLW      19
0x003E	0x00FC      	MOVWF      R12
0x003F	0x30AD      	MOVLW      173
0x0040	0x00FD      	MOVWF      R13
L_main6:
0x0041	0x0BFD      	DECFSZ     R13, 1
0x0042	0x2841      	GOTO       L_main6
0x0043	0x0BFC      	DECFSZ     R12, 1
0x0044	0x2841      	GOTO       L_main6
0x0045	0x0BFB      	DECFSZ     R11, 1
0x0046	0x2841      	GOTO       L_main6
0x0047	0x0000      	NOP
0x0048	0x0000      	NOP
;MyProject.c,7 :: 		for( j = 0;j <= 9; j++){
0x0049	0x0AA2      	INCF       _j, 1
0x004A	0x1903      	BTFSC      STATUS, 2
0x004B	0x0AA3      	INCF       _j+1, 1
;MyProject.c,10 :: 		}
0x004C	0x2828      	GOTO       L_main3
L_main4:
;MyProject.c,6 :: 		for( i = 0; i <= 9 ; i++){
0x004D	0x0AA0      	INCF       _i, 1
0x004E	0x1903      	BTFSC      STATUS, 2
0x004F	0x0AA1      	INCF       _i+1, 1
;MyProject.c,11 :: 		}
0x0050	0x281B      	GOTO       L_main0
L_main1:
;MyProject.c,12 :: 		}
L_end_main:
0x0051	0x2851      	GOTO       $+0
; end of _main
Symbol List:
//** Routines locations **
//ADDRESS    SIZE    PROCEDURE
//----------------------------------------------
0x0003      [17]    _hexToDecimal
0x0014      [62]    _main
//** Variables locations ** 
//ADDRESS    SIZE    VARIABLE
//----------------------------------------------
0x0000       [1]    INDF
0x0003       [1]    STATUS
0x0004       [1]    FSR
0x0006       [1]    PORTB
0x000A       [1]    PCLATH
0x0020       [2]    _i
0x0022       [2]    _j
0x0024       [2]    ___DoICPAddr
0x0026       [2]    FARG_hexToDecimal_i
0x0070       [1]    R0
0x0071       [1]    R1
0x0072       [1]    R2
0x0073       [1]    R3
0x0074       [1]    R4
0x0075       [1]    R5
0x0076       [1]    R6
0x0077       [1]    R7
0x0078       [1]    R8
0x0079       [1]    R9
0x007A       [1]    R10
0x007B       [1]    R11
0x007C       [1]    R12
0x007D       [1]    R13
0x007E       [1]    R14
0x007F       [1]    R15
0x0086       [1]    TRISB
