;  LST file generated by mikroListExporter - v.2.0 
; Date/Time: 2019-03-20 7:35:10 PM
;----------------------------------------------

;Address Opcode 	ASM
0x0000	0x2816      	GOTO       22
_____DoICP:
;__Lib_System.c,6 :: 		
;__Lib_System.c,9 :: 		
0x0003	0x1283      	BCF        STATUS, 5
0x0004	0x1303      	BCF        STATUS, 6
0x0005	0x0837      	MOVF       ___DoICPAddr+1, 0
0x0006	0x008A      	MOVWF      PCLATH
;__Lib_System.c,10 :: 		
0x0007	0x0836      	MOVF       ___DoICPAddr, 0
0x0008	0x0082      	MOVWF      PCL
;__Lib_System.c,12 :: 		
L_end_____DoICP:
0x0009	0x0008      	RETURN
; end of _____DoICP
___CC2DW:
;__Lib_System.c,134 :: 		
;__Lib_System.c,137 :: 		
_CC2D_Loop1:
;__Lib_System.c,139 :: 		
0x000A	0x2003      	CALL       _____DoICP
0x000B	0x118A      	BCF        PCLATH, 3
0x000C	0x120A      	BCF        PCLATH, 4
;__Lib_System.c,141 :: 		
0x000D	0x0080      	MOVWF      INDF
;__Lib_System.c,142 :: 		
0x000E	0x0A84      	INCF       FSR, 1
;__Lib_System.c,143 :: 		
0x000F	0x0AB6      	INCF       ___DoICPAddr, 1
;__Lib_System.c,145 :: 		
0x0010	0x1903      	BTFSC      STATUS, 2
;__Lib_System.c,146 :: 		
0x0011	0x0AB7      	INCF       ___DoICPAddr+1, 1
;__Lib_System.c,147 :: 		
0x0012	0x03F0      	DECF       R0, 1
;__Lib_System.c,149 :: 		
0x0013	0x1D03      	BTFSS      STATUS, 2
;__Lib_System.c,150 :: 		
0x0014	0x280A      	GOTO       _CC2D_Loop1
;__Lib_System.c,152 :: 		
L_end___CC2DW:
0x0015	0x0008      	RETURN
; end of ___CC2DW
_main:
0x0016	0x1283      	BCF        STATUS, 5
0x0017	0x1303      	BCF        STATUS, 6
0x0018	0x01A0      	CLRF       _i
0x0019	0x01A1      	CLRF       33
0x001A	0x303F      	MOVLW      63
0x001B	0x00A2      	MOVWF      _seqCode
0x001C	0x01A3      	CLRF       35
0x001D	0x3006      	MOVLW      6
0x001E	0x00A4      	MOVWF      36
0x001F	0x01A5      	CLRF       37
0x0020	0x305B      	MOVLW      91
0x0021	0x00A6      	MOVWF      38
0x0022	0x01A7      	CLRF       39
0x0023	0x304F      	MOVLW      79
0x0024	0x00A8      	MOVWF      40
0x0025	0x01A9      	CLRF       41
0x0026	0x3066      	MOVLW      102
0x0027	0x00AA      	MOVWF      42
0x0028	0x01AB      	CLRF       43
0x0029	0x306D      	MOVLW      109
0x002A	0x00AC      	MOVWF      44
0x002B	0x01AD      	CLRF       45
0x002C	0x307D      	MOVLW      125
0x002D	0x00AE      	MOVWF      46
0x002E	0x01AF      	CLRF       47
0x002F	0x3007      	MOVLW      7
0x0030	0x00B0      	MOVWF      48
0x0031	0x01B1      	CLRF       49
0x0032	0x307F      	MOVLW      127
0x0033	0x00B2      	MOVWF      50
0x0034	0x01B3      	CLRF       51
0x0035	0x306F      	MOVLW      111
0x0036	0x00B4      	MOVWF      52
0x0037	0x01B5      	CLRF       53
;segButton.c,3 :: 		void main() {
;segButton.c,4 :: 		trisc = 0;
0x0038	0x1683      	BSF        STATUS, 5
0x0039	0x0187      	CLRF       TRISC
;segButton.c,5 :: 		portc = 0;
0x003A	0x1283      	BCF        STATUS, 5
0x003B	0x0187      	CLRF       PORTC
;segButton.c,6 :: 		trisd = 0b00011000;
0x003C	0x3018      	MOVLW      24
0x003D	0x1683      	BSF        STATUS, 5
0x003E	0x0088      	MOVWF      TRISD
;segButton.c,7 :: 		while(portd.f3 == 0);
L_main0:
0x003F	0x1283      	BCF        STATUS, 5
0x0040	0x1988      	BTFSC      PORTD, 3
0x0041	0x2843      	GOTO       L_main1
0x0042	0x283F      	GOTO       L_main0
L_main1:
;segButton.c,8 :: 		l1:
___main_l1:
;segButton.c,9 :: 		for(i = 0;i<10;){
0x0043	0x01A0      	CLRF       _i
0x0044	0x01A1      	CLRF       _i+1
L_main2:
0x0045	0x3080      	MOVLW      128
0x0046	0x0621      	XORWF      _i+1, 0
0x0047	0x00F0      	MOVWF      R0
0x0048	0x3080      	MOVLW      128
0x0049	0x0270      	SUBWF      R0, 0
0x004A	0x1D03      	BTFSS      STATUS, 2
0x004B	0x284E      	GOTO       L__main10
0x004C	0x300A      	MOVLW      10
0x004D	0x0220      	SUBWF      _i, 0
L__main10:
0x004E	0x1803      	BTFSC      STATUS, 0
0x004F	0x2866      	GOTO       L_main3
;segButton.c,10 :: 		portc = seqCode[i];
0x0050	0x0820      	MOVF       _i, 0
0x0051	0x00F0      	MOVWF      R0
0x0052	0x0821      	MOVF       _i+1, 0
0x0053	0x00F1      	MOVWF      R0+1
0x0054	0x0DF0      	RLF        R0, 1
0x0055	0x0DF1      	RLF        R0+1, 1
0x0056	0x1070      	BCF        R0, 0
0x0057	0x0870      	MOVF       R0, 0
0x0058	0x3E22      	ADDLW      _seqCode
0x0059	0x0084      	MOVWF      FSR
0x005A	0x0800      	MOVF       INDF, 0
0x005B	0x0087      	MOVWF      PORTC
;segButton.c,11 :: 		while(portd.f4 == 0);
L_main5:
0x005C	0x1A08      	BTFSC      PORTD, 4
0x005D	0x285F      	GOTO       L_main6
0x005E	0x285C      	GOTO       L_main5
L_main6:
;segButton.c,12 :: 		while(portd.f4 == 1);
L_main7:
0x005F	0x1E08      	BTFSS      PORTD, 4
0x0060	0x2862      	GOTO       L_main8
0x0061	0x285F      	GOTO       L_main7
L_main8:
;segButton.c,13 :: 		i++;
0x0062	0x0AA0      	INCF       _i, 1
0x0063	0x1903      	BTFSC      STATUS, 2
0x0064	0x0AA1      	INCF       _i+1, 1
;segButton.c,14 :: 		}
0x0065	0x2845      	GOTO       L_main2
L_main3:
;segButton.c,15 :: 		goto l1;
0x0066	0x2843      	GOTO       ___main_l1
;segButton.c,16 :: 		}
L_end_main:
0x0067	0x2867      	GOTO       $+0
; end of _main
Symbol List:
//** Routines locations **
//ADDRESS    SIZE    PROCEDURE
//----------------------------------------------
0x0003       [7]    _____DoICP
0x000A      [12]    ___CC2DW
0x0016      [82]    _main
//** Variables locations ** 
//ADDRESS    SIZE    VARIABLE
//----------------------------------------------
0x0000       [1]    INDF
0x0002       [1]    PCL
0x0003       [1]    STATUS
0x0004       [1]    FSR
0x0007       [1]    PORTC
0x0008       [1]    PORTD
0x000A       [1]    PCLATH
0x0020       [2]    _i
0x0022      [20]    _seqCode
0x0036       [2]    ___DoICPAddr
0x0070       [1]    R0
0x0071       [1]    R1
0x0072       [1]    R2
0x0073       [1]    R3
0x0074       [1]    R4
0x0075       [1]    R5
0x0076       [1]    R6
0x0077       [1]    R7
0x0078       [1]    R8
0x0079       [1]    R9
0x007A       [1]    R10
0x007B       [1]    R11
0x007C       [1]    R12
0x007D       [1]    R13
0x007E       [1]    R14
0x007F       [1]    R15
0x0087       [1]    TRISC
0x0088       [1]    TRISD
