;  LST file generated by mikroListExporter - v.2.0 
; Date/Time: 17/05/2019 04:42:43 ã
;----------------------------------------------

;Address Opcode 	ASM
0x0000	0x2AF5      	GOTO       757
_Interrupt:
0x0004	0x00FF      	MOVWF      R15
0x0005	0x0E03      	SWAPF      STATUS, 0
0x0006	0x0183      	CLRF       STATUS
0x0007	0x00D3      	MOVWF      ___saveSTATUS
0x0008	0x080A      	MOVF       PCLATH, 0
0x0009	0x00D2      	MOVWF      ___savePCLATH
0x000A	0x018A      	CLRF       PCLATH
;MyProject.c,195 :: 		void Interrupt(){
;MyProject.c,196 :: 		if (TMR0IF_bit){
0x000B	0x1D0B      	BTFSS      TMR0IF_bit, BitPos(TMR0IF_bit+0)
0x000C	0x2813      	GOTO       L_Interrupt33
;MyProject.c,197 :: 		TMR0IF_bit = 0;
0x000D	0x110B      	BCF        TMR0IF_bit, BitPos(TMR0IF_bit+0)
;MyProject.c,198 :: 		TMR0 = 5;
0x000E	0x3005      	MOVLW      5
0x000F	0x0081      	MOVWF      TMR0
;MyProject.c,199 :: 		count++;
0x0010	0x0AA4      	INCF       _count, 1
0x0011	0x1903      	BTFSC      STATUS, 2
0x0012	0x0AA5      	INCF       _count+1, 1
;MyProject.c,200 :: 		}
L_Interrupt33:
;MyProject.c,201 :: 		}
L_end_Interrupt:
L__Interrupt54:
0x0013	0x0852      	MOVF       ___savePCLATH, 0
0x0014	0x008A      	MOVWF      PCLATH
0x0015	0x0E53      	SWAPF      ___saveSTATUS, 0
0x0016	0x0083      	MOVWF      STATUS
0x0017	0x0EFF      	SWAPF      R15, 1
0x0018	0x0E7F      	SWAPF      R15, 0
0x0019	0x0009      	RETFIE
; end of _Interrupt
_Delay_50us:
;__Lib_Delays.c,19 :: 		void Delay_50us() {
;__Lib_Delays.c,20 :: 		Delay_us(50);
0x001A	0x3021      	MOVLW      33
0x001B	0x1283      	BCF        STATUS, 5
0x001C	0x1303      	BCF        STATUS, 6
0x001D	0x00FD      	MOVWF      R13
L_Delay_50us2:
0x001E	0x0BFD      	DECFSZ     R13, 1
0x001F	0x281E      	GOTO       L_Delay_50us2
;__Lib_Delays.c,21 :: 		}
L_end_Delay_50us:
0x0020	0x0008      	RETURN
; end of _Delay_50us
_Delay_5500us:
;__Lib_Delays.c,31 :: 		void Delay_5500us() {
;__Lib_Delays.c,32 :: 		Delay_us(5500);
0x0021	0x300F      	MOVLW      15
0x0022	0x1283      	BCF        STATUS, 5
0x0023	0x1303      	BCF        STATUS, 6
0x0024	0x00FC      	MOVWF      R12
0x0025	0x3047      	MOVLW      71
0x0026	0x00FD      	MOVWF      R13
L_Delay_5500us5:
0x0027	0x0BFD      	DECFSZ     R13, 1
0x0028	0x2827      	GOTO       L_Delay_5500us5
0x0029	0x0BFC      	DECFSZ     R12, 1
0x002A	0x2827      	GOTO       L_Delay_5500us5
0x002B	0x0000      	NOP
0x002C	0x0000      	NOP
;__Lib_Delays.c,33 :: 		}
L_end_Delay_5500us:
0x002D	0x0008      	RETURN
; end of _Delay_5500us
_Delay_1us:
;__Lib_Delays.c,7 :: 		void Delay_1us() {
;__Lib_Delays.c,8 :: 		Delay_us(1);
0x002E	0x0000      	NOP
0x002F	0x0000      	NOP
;__Lib_Delays.c,9 :: 		}
L_end_Delay_1us:
0x0030	0x0008      	RETURN
; end of _Delay_1us
_Lcd_Cmd:
;__Lib_Lcd.c,18 :: 		
;__Lib_Lcd.c,20 :: 		
0x0031	0x1283      	BCF        STATUS, 5
0x0032	0x1303      	BCF        STATUS, 6
0x0033	0x1BE2      	BTFSC      FARG_Lcd_Cmd_out_char, 7
0x0034	0x2837      	GOTO       L__Lcd_Cmd21
0x0035	0x1287      	BCF        LCD_D7, BitPos(LCD_D7+0)
0x0036	0x2838      	GOTO       L__Lcd_Cmd22
L__Lcd_Cmd21:
0x0037	0x1687      	BSF        LCD_D7, BitPos(LCD_D7+0)
L__Lcd_Cmd22:
;__Lib_Lcd.c,21 :: 		
0x0038	0x1B62      	BTFSC      FARG_Lcd_Cmd_out_char, 6
0x0039	0x283C      	GOTO       L__Lcd_Cmd23
0x003A	0x1207      	BCF        LCD_D6, BitPos(LCD_D6+0)
0x003B	0x283D      	GOTO       L__Lcd_Cmd24
L__Lcd_Cmd23:
0x003C	0x1607      	BSF        LCD_D6, BitPos(LCD_D6+0)
L__Lcd_Cmd24:
;__Lib_Lcd.c,22 :: 		
0x003D	0x1AE2      	BTFSC      FARG_Lcd_Cmd_out_char, 5
0x003E	0x2841      	GOTO       L__Lcd_Cmd25
0x003F	0x1187      	BCF        LCD_D5, BitPos(LCD_D5+0)
0x0040	0x2842      	GOTO       L__Lcd_Cmd26
L__Lcd_Cmd25:
0x0041	0x1587      	BSF        LCD_D5, BitPos(LCD_D5+0)
L__Lcd_Cmd26:
;__Lib_Lcd.c,23 :: 		
0x0042	0x1A62      	BTFSC      FARG_Lcd_Cmd_out_char, 4
0x0043	0x2846      	GOTO       L__Lcd_Cmd27
0x0044	0x1107      	BCF        LCD_D4, BitPos(LCD_D4+0)
0x0045	0x2847      	GOTO       L__Lcd_Cmd28
L__Lcd_Cmd27:
0x0046	0x1507      	BSF        LCD_D4, BitPos(LCD_D4+0)
L__Lcd_Cmd28:
;__Lib_Lcd.c,25 :: 		
0x0047	0x183C      	BTFSC      __Lib_Lcd_cmd_status, BitPos(__Lib_Lcd_cmd_status+0)
0x0048	0x284B      	GOTO       L__Lcd_Cmd29
0x0049	0x1407      	BSF        LCD_RS, BitPos(LCD_RS+0)
0x004A	0x284C      	GOTO       L__Lcd_Cmd30
L__Lcd_Cmd29:
0x004B	0x1007      	BCF        LCD_RS, BitPos(LCD_RS+0)
L__Lcd_Cmd30:
;__Lib_Lcd.c,28 :: 		
0x004C	0x1487      	BSF        LCD_EN, BitPos(LCD_EN+0)
;__Lib_Lcd.c,29 :: 		
0x004D	0x202E      	CALL       _Delay_1us
;__Lib_Lcd.c,30 :: 		
0x004E	0x1087      	BCF        LCD_EN, BitPos(LCD_EN+0)
;__Lib_Lcd.c,33 :: 		
0x004F	0x19E2      	BTFSC      FARG_Lcd_Cmd_out_char, 3
0x0050	0x2853      	GOTO       L__Lcd_Cmd31
0x0051	0x1287      	BCF        LCD_D7, BitPos(LCD_D7+0)
0x0052	0x2854      	GOTO       L__Lcd_Cmd32
L__Lcd_Cmd31:
0x0053	0x1687      	BSF        LCD_D7, BitPos(LCD_D7+0)
L__Lcd_Cmd32:
;__Lib_Lcd.c,34 :: 		
0x0054	0x1962      	BTFSC      FARG_Lcd_Cmd_out_char, 2
0x0055	0x2858      	GOTO       L__Lcd_Cmd33
0x0056	0x1207      	BCF        LCD_D6, BitPos(LCD_D6+0)
0x0057	0x2859      	GOTO       L__Lcd_Cmd34
L__Lcd_Cmd33:
0x0058	0x1607      	BSF        LCD_D6, BitPos(LCD_D6+0)
L__Lcd_Cmd34:
;__Lib_Lcd.c,35 :: 		
0x0059	0x18E2      	BTFSC      FARG_Lcd_Cmd_out_char, 1
0x005A	0x285D      	GOTO       L__Lcd_Cmd35
0x005B	0x1187      	BCF        LCD_D5, BitPos(LCD_D5+0)
0x005C	0x285E      	GOTO       L__Lcd_Cmd36
L__Lcd_Cmd35:
0x005D	0x1587      	BSF        LCD_D5, BitPos(LCD_D5+0)
L__Lcd_Cmd36:
;__Lib_Lcd.c,36 :: 		
0x005E	0x1862      	BTFSC      FARG_Lcd_Cmd_out_char, 0
0x005F	0x2862      	GOTO       L__Lcd_Cmd37
0x0060	0x1107      	BCF        LCD_D4, BitPos(LCD_D4+0)
0x0061	0x2863      	GOTO       L__Lcd_Cmd38
L__Lcd_Cmd37:
0x0062	0x1507      	BSF        LCD_D4, BitPos(LCD_D4+0)
L__Lcd_Cmd38:
;__Lib_Lcd.c,38 :: 		
0x0063	0x183C      	BTFSC      __Lib_Lcd_cmd_status, BitPos(__Lib_Lcd_cmd_status+0)
0x0064	0x2867      	GOTO       L__Lcd_Cmd39
0x0065	0x1407      	BSF        LCD_RS, BitPos(LCD_RS+0)
0x0066	0x2868      	GOTO       L__Lcd_Cmd40
L__Lcd_Cmd39:
0x0067	0x1007      	BCF        LCD_RS, BitPos(LCD_RS+0)
L__Lcd_Cmd40:
;__Lib_Lcd.c,40 :: 		
0x0068	0x1487      	BSF        LCD_EN, BitPos(LCD_EN+0)
;__Lib_Lcd.c,41 :: 		
0x0069	0x202E      	CALL       _Delay_1us
;__Lib_Lcd.c,42 :: 		
0x006A	0x1087      	BCF        LCD_EN, BitPos(LCD_EN+0)
;__Lib_Lcd.c,44 :: 		
0x006B	0x1C3C      	BTFSS      __Lib_Lcd_cmd_status, BitPos(__Lib_Lcd_cmd_status+0)
0x006C	0x286F      	GOTO       L_Lcd_Cmd0
;__Lib_Lcd.c,45 :: 		
0x006D	0x2021      	CALL       _Delay_5500us
0x006E	0x2870      	GOTO       L_Lcd_Cmd1
L_Lcd_Cmd0:
;__Lib_Lcd.c,47 :: 		
0x006F	0x201A      	CALL       _Delay_50us
L_Lcd_Cmd1:
;__Lib_Lcd.c,48 :: 		
L_end_Lcd_Cmd:
0x0070	0x0008      	RETURN
; end of _Lcd_Cmd
_Div_16X16_U:
;__Lib_Math.c,215 :: 		
;__Lib_Math.c,222 :: 		
0x0071	0x1283      	BCF        STATUS, 5
;__Lib_Math.c,223 :: 		
0x0072	0x1303      	BCF        STATUS, 6
;__Lib_Math.c,224 :: 		
0x0073	0x01F8      	CLRF       R8
;__Lib_Math.c,225 :: 		
0x0074	0x01F9      	CLRF       R9
;__Lib_Math.c,226 :: 		
0x0075	0x3010      	MOVLW      16
;__Lib_Math.c,227 :: 		
0x0076	0x00FC      	MOVWF      R12
;__Lib_Math.c,228 :: 		
0x0077	0x0D71      	RLF        R1, 0
;__Lib_Math.c,229 :: 		
0x0078	0x0DF8      	RLF        R8, 1
;__Lib_Math.c,230 :: 		
0x0079	0x0DF9      	RLF        R9, 1
;__Lib_Math.c,231 :: 		
0x007A	0x0874      	MOVF       R4, 0
;__Lib_Math.c,232 :: 		
0x007B	0x02F8      	SUBWF      R8, 1
;__Lib_Math.c,233 :: 		
0x007C	0x0875      	MOVF       R5, 0
;__Lib_Math.c,234 :: 		
0x007D	0x1C03      	BTFSS      STATUS, 0
;__Lib_Math.c,235 :: 		
0x007E	0x0F75      	INCFSZ     R5, 0
;__Lib_Math.c,236 :: 		
0x007F	0x02F9      	SUBWF      R9, 1
;__Lib_Math.c,237 :: 		
0x0080	0x1803      	BTFSC      STATUS, 0
;__Lib_Math.c,238 :: 		
0x0081	0x2889      	GOTO       $+8
;__Lib_Math.c,239 :: 		
0x0082	0x0874      	MOVF       R4, 0
;__Lib_Math.c,240 :: 		
0x0083	0x07F8      	ADDWF      R8, 1
;__Lib_Math.c,241 :: 		
0x0084	0x0875      	MOVF       R5, 0
;__Lib_Math.c,242 :: 		
0x0085	0x1803      	BTFSC      STATUS, 0
;__Lib_Math.c,243 :: 		
0x0086	0x0F75      	INCFSZ     R5, 0
;__Lib_Math.c,244 :: 		
0x0087	0x07F9      	ADDWF      R9, 1
;__Lib_Math.c,245 :: 		
0x0088	0x1003      	BCF        STATUS, 0
;__Lib_Math.c,246 :: 		
0x0089	0x0DF0      	RLF        R0, 1
;__Lib_Math.c,247 :: 		
0x008A	0x0DF1      	RLF        R1, 1
;__Lib_Math.c,248 :: 		
0x008B	0x0BFC      	DECFSZ     R12, 1
;__Lib_Math.c,249 :: 		
0x008C	0x2877      	GOTO       $-21
;__Lib_Math.c,251 :: 		
L_end_Div_16X16_U:
0x008D	0x0008      	RETURN
; end of _Div_16X16_U
_Lcd_Chr_CP:
;__Lib_Lcd.c,50 :: 		
;__Lib_Lcd.c,52 :: 		
0x008E	0x1283      	BCF        STATUS, 5
0x008F	0x1303      	BCF        STATUS, 6
0x0090	0x103C      	BCF        __Lib_Lcd_cmd_status, BitPos(__Lib_Lcd_cmd_status+0)
;__Lib_Lcd.c,53 :: 		
0x0091	0x085D      	MOVF       FARG_Lcd_Chr_CP_out_char, 0
0x0092	0x00E2      	MOVWF      FARG_Lcd_Cmd_out_char
0x0093	0x2031      	CALL       _Lcd_Cmd
;__Lib_Lcd.c,54 :: 		
0x0094	0x143C      	BSF        __Lib_Lcd_cmd_status, BitPos(__Lib_Lcd_cmd_status+0)
;__Lib_Lcd.c,55 :: 		
L_end_Lcd_Chr_CP:
0x0095	0x0008      	RETURN
; end of _Lcd_Chr_CP
_WordToStr:
;__Lib_Conversions.c,98 :: 		
;__Lib_Conversions.c,103 :: 		
0x0096	0x1283      	BCF        STATUS, 5
0x0097	0x1303      	BCF        STATUS, 6
0x0098	0x01E0      	CLRF       WordToStr_len_L0
L_WordToStr11:
0x0099	0x3005      	MOVLW      5
0x009A	0x0260      	SUBWF      WordToStr_len_L0, 0
0x009B	0x1803      	BTFSC      STATUS, 0
0x009C	0x28A4      	GOTO       L_WordToStr12
;__Lib_Conversions.c,104 :: 		
0x009D	0x0860      	MOVF       WordToStr_len_L0, 0
0x009E	0x075F      	ADDWF      FARG_WordToStr_output, 0
0x009F	0x0084      	MOVWF      FSR
0x00A0	0x3020      	MOVLW      32
0x00A1	0x0080      	MOVWF      INDF
;__Lib_Conversions.c,103 :: 		
0x00A2	0x0AE0      	INCF       WordToStr_len_L0, 1
;__Lib_Conversions.c,104 :: 		
0x00A3	0x2899      	GOTO       L_WordToStr11
L_WordToStr12:
;__Lib_Conversions.c,105 :: 		
0x00A4	0x0860      	MOVF       WordToStr_len_L0, 0
0x00A5	0x075F      	ADDWF      FARG_WordToStr_output, 0
0x00A6	0x0084      	MOVWF      FSR
0x00A7	0x0180      	CLRF       INDF
0x00A8	0x03E0      	DECF       WordToStr_len_L0, 1
;__Lib_Conversions.c,107 :: 		
L_WordToStr14:
;__Lib_Conversions.c,108 :: 		
0x00A9	0x0860      	MOVF       WordToStr_len_L0, 0
0x00AA	0x075F      	ADDWF      FARG_WordToStr_output, 0
0x00AB	0x00E1      	MOVWF      FLOC__WordToStr
0x00AC	0x300A      	MOVLW      10
0x00AD	0x00F4      	MOVWF      R4
0x00AE	0x01F5      	CLRF       R4+1
0x00AF	0x085D      	MOVF       FARG_WordToStr_input, 0
0x00B0	0x00F0      	MOVWF      R0
0x00B1	0x085E      	MOVF       FARG_WordToStr_input+1, 0
0x00B2	0x00F1      	MOVWF      R0+1
0x00B3	0x2071      	CALL       _Div_16X16_U
0x00B4	0x0878      	MOVF       R8, 0
0x00B5	0x00F0      	MOVWF      R0
0x00B6	0x0879      	MOVF       R8+1, 0
0x00B7	0x00F1      	MOVWF      R0+1
0x00B8	0x3030      	MOVLW      48
0x00B9	0x07F0      	ADDWF      R0, 1
0x00BA	0x0861      	MOVF       FLOC__WordToStr, 0
0x00BB	0x0084      	MOVWF      FSR
0x00BC	0x0870      	MOVF       R0, 0
0x00BD	0x0080      	MOVWF      INDF
;__Lib_Conversions.c,109 :: 		
0x00BE	0x300A      	MOVLW      10
0x00BF	0x00F4      	MOVWF      R4
0x00C0	0x01F5      	CLRF       R4+1
0x00C1	0x085D      	MOVF       FARG_WordToStr_input, 0
0x00C2	0x00F0      	MOVWF      R0
0x00C3	0x085E      	MOVF       FARG_WordToStr_input+1, 0
0x00C4	0x00F1      	MOVWF      R0+1
0x00C5	0x2071      	CALL       _Div_16X16_U
0x00C6	0x0870      	MOVF       R0, 0
0x00C7	0x00DD      	MOVWF      FARG_WordToStr_input
0x00C8	0x0871      	MOVF       R0+1, 0
0x00C9	0x00DE      	MOVWF      FARG_WordToStr_input+1
;__Lib_Conversions.c,110 :: 		
0x00CA	0x3000      	MOVLW      0
0x00CB	0x0671      	XORWF      R0+1, 0
0x00CC	0x1D03      	BTFSS      STATUS, 2
0x00CD	0x28D0      	GOTO       L__WordToStr159
0x00CE	0x3000      	MOVLW      0
0x00CF	0x0670      	XORWF      R0, 0
L__WordToStr159:
0x00D0	0x1D03      	BTFSS      STATUS, 2
0x00D1	0x28D3      	GOTO       L_WordToStr16
;__Lib_Conversions.c,111 :: 		
0x00D2	0x28D5      	GOTO       L_WordToStr15
L_WordToStr16:
;__Lib_Conversions.c,112 :: 		
0x00D3	0x03E0      	DECF       WordToStr_len_L0, 1
;__Lib_Conversions.c,113 :: 		
0x00D4	0x28A9      	GOTO       L_WordToStr14
L_WordToStr15:
;__Lib_Conversions.c,114 :: 		
L_end_WordToStr:
0x00D5	0x0008      	RETURN
; end of _WordToStr
_Lcd_Out:
;__Lib_Lcd.c,184 :: 		
;__Lib_Lcd.c,187 :: 		
0x00D6	0x28E8      	GOTO       L_Lcd_Out11
;__Lib_Lcd.c,188 :: 		
L_Lcd_Out13:
0x00D7	0x3080      	MOVLW      128
0x00D8	0x1283      	BCF        STATUS, 5
0x00D9	0x1303      	BCF        STATUS, 6
0x00DA	0x00D4      	MOVWF      FARG_Lcd_Out_row
0x00DB	0x28FB      	GOTO       L_Lcd_Out12
;__Lib_Lcd.c,189 :: 		
L_Lcd_Out14:
0x00DC	0x30C0      	MOVLW      192
0x00DD	0x00D4      	MOVWF      FARG_Lcd_Out_row
0x00DE	0x28FB      	GOTO       L_Lcd_Out12
;__Lib_Lcd.c,190 :: 		
L_Lcd_Out15:
0x00DF	0x3094      	MOVLW      148
0x00E0	0x00D4      	MOVWF      FARG_Lcd_Out_row
0x00E1	0x28FB      	GOTO       L_Lcd_Out12
;__Lib_Lcd.c,191 :: 		
L_Lcd_Out16:
0x00E2	0x30D4      	MOVLW      212
0x00E3	0x00D4      	MOVWF      FARG_Lcd_Out_row
0x00E4	0x28FB      	GOTO       L_Lcd_Out12
;__Lib_Lcd.c,192 :: 		
L_Lcd_Out17:
0x00E5	0x3080      	MOVLW      128
0x00E6	0x00D4      	MOVWF      FARG_Lcd_Out_row
;__Lib_Lcd.c,193 :: 		
0x00E7	0x28FB      	GOTO       L_Lcd_Out12
L_Lcd_Out11:
0x00E8	0x1283      	BCF        STATUS, 5
0x00E9	0x1303      	BCF        STATUS, 6
0x00EA	0x0854      	MOVF       FARG_Lcd_Out_row, 0
0x00EB	0x3A01      	XORLW      1
0x00EC	0x1903      	BTFSC      STATUS, 2
0x00ED	0x28D7      	GOTO       L_Lcd_Out13
0x00EE	0x0854      	MOVF       FARG_Lcd_Out_row, 0
0x00EF	0x3A02      	XORLW      2
0x00F0	0x1903      	BTFSC      STATUS, 2
0x00F1	0x28DC      	GOTO       L_Lcd_Out14
0x00F2	0x0854      	MOVF       FARG_Lcd_Out_row, 0
0x00F3	0x3A03      	XORLW      3
0x00F4	0x1903      	BTFSC      STATUS, 2
0x00F5	0x28DF      	GOTO       L_Lcd_Out15
0x00F6	0x0854      	MOVF       FARG_Lcd_Out_row, 0
0x00F7	0x3A04      	XORLW      4
0x00F8	0x1903      	BTFSC      STATUS, 2
0x00F9	0x28E2      	GOTO       L_Lcd_Out16
0x00FA	0x28E5      	GOTO       L_Lcd_Out17
L_Lcd_Out12:
;__Lib_Lcd.c,194 :: 		
0x00FB	0x0355      	DECF       FARG_Lcd_Out_column, 0
0x00FC	0x00F0      	MOVWF      R0
0x00FD	0x0854      	MOVF       FARG_Lcd_Out_row, 0
0x00FE	0x07F0      	ADDWF      R0, 1
0x00FF	0x0870      	MOVF       R0, 0
0x0100	0x00D4      	MOVWF      FARG_Lcd_Out_row
;__Lib_Lcd.c,196 :: 		
0x0101	0x0870      	MOVF       R0, 0
0x0102	0x00E2      	MOVWF      FARG_Lcd_Cmd_out_char
0x0103	0x2031      	CALL       _Lcd_Cmd
;__Lib_Lcd.c,197 :: 		
0x0104	0x103C      	BCF        __Lib_Lcd_cmd_status, BitPos(__Lib_Lcd_cmd_status+0)
;__Lib_Lcd.c,198 :: 		
0x0105	0x01D7      	CLRF       Lcd_Out_i_L0
;__Lib_Lcd.c,199 :: 		
L_Lcd_Out18:
0x0106	0x0857      	MOVF       Lcd_Out_i_L0, 0
0x0107	0x0756      	ADDWF      FARG_Lcd_Out_text, 0
0x0108	0x0084      	MOVWF      FSR
0x0109	0x0800      	MOVF       INDF, 0
0x010A	0x1903      	BTFSC      STATUS, 2
0x010B	0x2914      	GOTO       L_Lcd_Out19
;__Lib_Lcd.c,200 :: 		
0x010C	0x0857      	MOVF       Lcd_Out_i_L0, 0
0x010D	0x0756      	ADDWF      FARG_Lcd_Out_text, 0
0x010E	0x0084      	MOVWF      FSR
0x010F	0x0800      	MOVF       INDF, 0
0x0110	0x00DD      	MOVWF      FARG_Lcd_Chr_CP_out_char
0x0111	0x208E      	CALL       _Lcd_Chr_CP
0x0112	0x0AD7      	INCF       Lcd_Out_i_L0, 1
0x0113	0x2906      	GOTO       L_Lcd_Out18
L_Lcd_Out19:
;__Lib_Lcd.c,201 :: 		
0x0114	0x143C      	BSF        __Lib_Lcd_cmd_status, BitPos(__Lib_Lcd_cmd_status+0)
;__Lib_Lcd.c,202 :: 		
L_end_Lcd_Out:
0x0115	0x0008      	RETURN
; end of _Lcd_Out
_IntToStr:
;__Lib_Conversions.c,195 :: 		
;__Lib_Conversions.c,201 :: 		
0x0116	0x1283      	BCF        STATUS, 5
0x0117	0x1303      	BCF        STATUS, 6
0x0118	0x01D9      	CLRF       IntToStr_negative_L0
0x0119	0x01DA      	CLRF       IntToStr_negative_L0+1
;__Lib_Conversions.c,202 :: 		
0x011A	0x0854      	MOVF       FARG_IntToStr_input, 0
0x011B	0x00DB      	MOVWF      IntToStr_inword_L0
0x011C	0x0855      	MOVF       FARG_IntToStr_input+1, 0
0x011D	0x00DC      	MOVWF      IntToStr_inword_L0+1
;__Lib_Conversions.c,203 :: 		
0x011E	0x3080      	MOVLW      128
0x011F	0x0655      	XORWF      FARG_IntToStr_input+1, 0
0x0120	0x00F0      	MOVWF      R0
0x0121	0x3080      	MOVLW      128
0x0122	0x0270      	SUBWF      R0, 0
0x0123	0x1D03      	BTFSS      STATUS, 2
0x0124	0x2927      	GOTO       L__IntToStr167
0x0125	0x3000      	MOVLW      0
0x0126	0x0254      	SUBWF      FARG_IntToStr_input, 0
L__IntToStr167:
0x0127	0x1803      	BTFSC      STATUS, 0
0x0128	0x2935      	GOTO       L_IntToStr37
;__Lib_Conversions.c,204 :: 		
0x0129	0x3001      	MOVLW      1
0x012A	0x00D9      	MOVWF      IntToStr_negative_L0
0x012B	0x3000      	MOVLW      0
0x012C	0x00DA      	MOVWF      IntToStr_negative_L0+1
;__Lib_Conversions.c,205 :: 		
0x012D	0x0854      	MOVF       FARG_IntToStr_input, 0
0x012E	0x3C00      	SUBLW      0
0x012F	0x00DB      	MOVWF      IntToStr_inword_L0
0x0130	0x0855      	MOVF       FARG_IntToStr_input+1, 0
0x0131	0x1C03      	BTFSS      STATUS, 0
0x0132	0x3E01      	ADDLW      1
0x0133	0x01DC      	CLRF       IntToStr_inword_L0+1
0x0134	0x02DC      	SUBWF      IntToStr_inword_L0+1, 1
;__Lib_Conversions.c,206 :: 		
L_IntToStr37:
;__Lib_Conversions.c,207 :: 		
0x0135	0x085B      	MOVF       IntToStr_inword_L0, 0
0x0136	0x00DD      	MOVWF      FARG_WordToStr_input
0x0137	0x085C      	MOVF       IntToStr_inword_L0+1, 0
0x0138	0x00DE      	MOVWF      FARG_WordToStr_input+1
0x0139	0x0856      	MOVF       FARG_IntToStr_output, 0
0x013A	0x00DF      	MOVWF      FARG_WordToStr_output
0x013B	0x2096      	CALL       _WordToStr
;__Lib_Conversions.c,209 :: 		
0x013C	0x3006      	MOVLW      6
0x013D	0x00D7      	MOVWF      IntToStr_i_L0
0x013E	0x3000      	MOVLW      0
0x013F	0x00D8      	MOVWF      IntToStr_i_L0+1
;__Lib_Conversions.c,210 :: 		
L_IntToStr38:
0x0140	0x0858      	MOVF       IntToStr_i_L0+1, 0
0x0141	0x3C00      	SUBLW      0
0x0142	0x1D03      	BTFSS      STATUS, 2
0x0143	0x2946      	GOTO       L__IntToStr168
0x0144	0x0857      	MOVF       IntToStr_i_L0, 0
0x0145	0x3C00      	SUBLW      0
L__IntToStr168:
0x0146	0x1803      	BTFSC      STATUS, 0
0x0147	0x2961      	GOTO       L_IntToStr39
;__Lib_Conversions.c,211 :: 		
0x0148	0x0857      	MOVF       IntToStr_i_L0, 0
0x0149	0x0756      	ADDWF      FARG_IntToStr_output, 0
0x014A	0x00F2      	MOVWF      R2
0x014B	0x3001      	MOVLW      1
0x014C	0x0257      	SUBWF      IntToStr_i_L0, 0
0x014D	0x00F0      	MOVWF      R0
0x014E	0x3000      	MOVLW      0
0x014F	0x1C03      	BTFSS      STATUS, 0
0x0150	0x3E01      	ADDLW      1
0x0151	0x0258      	SUBWF      IntToStr_i_L0+1, 0
0x0152	0x00F1      	MOVWF      R0+1
0x0153	0x0870      	MOVF       R0, 0
0x0154	0x0756      	ADDWF      FARG_IntToStr_output, 0
0x0155	0x0084      	MOVWF      FSR
0x0156	0x0800      	MOVF       INDF, 0
0x0157	0x00F0      	MOVWF      R0
0x0158	0x0872      	MOVF       R2, 0
0x0159	0x0084      	MOVWF      FSR
0x015A	0x0870      	MOVF       R0, 0
0x015B	0x0080      	MOVWF      INDF
;__Lib_Conversions.c,212 :: 		
0x015C	0x3001      	MOVLW      1
0x015D	0x02D7      	SUBWF      IntToStr_i_L0, 1
0x015E	0x1C03      	BTFSS      STATUS, 0
0x015F	0x03D8      	DECF       IntToStr_i_L0+1, 1
;__Lib_Conversions.c,213 :: 		
0x0160	0x2940      	GOTO       L_IntToStr38
L_IntToStr39:
;__Lib_Conversions.c,214 :: 		
0x0161	0x0856      	MOVF       FARG_IntToStr_output, 0
0x0162	0x0084      	MOVWF      FSR
0x0163	0x3020      	MOVLW      32
0x0164	0x0080      	MOVWF      INDF
;__Lib_Conversions.c,215 :: 		
0x0165	0x0859      	MOVF       IntToStr_negative_L0, 0
0x0166	0x045A      	IORWF      IntToStr_negative_L0+1, 0
0x0167	0x1903      	BTFSC      STATUS, 2
0x0168	0x297F      	GOTO       L_IntToStr40
;__Lib_Conversions.c,216 :: 		
0x0169	0x01D7      	CLRF       IntToStr_i_L0
0x016A	0x01D8      	CLRF       IntToStr_i_L0+1
;__Lib_Conversions.c,217 :: 		
L_IntToStr41:
0x016B	0x0857      	MOVF       IntToStr_i_L0, 0
0x016C	0x0756      	ADDWF      FARG_IntToStr_output, 0
0x016D	0x0084      	MOVWF      FSR
0x016E	0x0800      	MOVF       INDF, 0
0x016F	0x3A20      	XORLW      32
0x0170	0x1D03      	BTFSS      STATUS, 2
0x0171	0x2976      	GOTO       L_IntToStr42
0x0172	0x0AD7      	INCF       IntToStr_i_L0, 1
0x0173	0x1903      	BTFSC      STATUS, 2
0x0174	0x0AD8      	INCF       IntToStr_i_L0+1, 1
0x0175	0x296B      	GOTO       L_IntToStr41
L_IntToStr42:
;__Lib_Conversions.c,218 :: 		
0x0176	0x3001      	MOVLW      1
0x0177	0x02D7      	SUBWF      IntToStr_i_L0, 1
0x0178	0x1C03      	BTFSS      STATUS, 0
0x0179	0x03D8      	DECF       IntToStr_i_L0+1, 1
;__Lib_Conversions.c,219 :: 		
0x017A	0x0857      	MOVF       IntToStr_i_L0, 0
0x017B	0x0756      	ADDWF      FARG_IntToStr_output, 0
0x017C	0x0084      	MOVWF      FSR
0x017D	0x302D      	MOVLW      45
0x017E	0x0080      	MOVWF      INDF
L_IntToStr40:
;__Lib_Conversions.c,220 :: 		
L_end_IntToStr:
0x017F	0x0008      	RETURN
; end of _IntToStr
_printTime:
;MyProject.c,138 :: 		void printTime(){
;MyProject.c,139 :: 		IntToStr(second,sSecond);
0x0180	0x1283      	BCF        STATUS, 5
0x0181	0x1303      	BCF        STATUS, 6
0x0182	0x082C      	MOVF       _second, 0
0x0183	0x00D4      	MOVWF      FARG_IntToStr_input
0x0184	0x082D      	MOVF       _second+1, 0
0x0185	0x00D5      	MOVWF      FARG_IntToStr_input+1
0x0186	0x304B      	MOVLW      _sSecond
0x0187	0x00D6      	MOVWF      FARG_IntToStr_output
0x0188	0x2116      	CALL       _IntToStr
;MyProject.c,140 :: 		IntToStr(minute,sMinute);
0x0189	0x0828      	MOVF       _minute, 0
0x018A	0x00D4      	MOVWF      FARG_IntToStr_input
0x018B	0x0829      	MOVF       _minute+1, 0
0x018C	0x00D5      	MOVWF      FARG_IntToStr_input+1
0x018D	0x3044      	MOVLW      _sMinute
0x018E	0x00D6      	MOVWF      FARG_IntToStr_output
0x018F	0x2116      	CALL       _IntToStr
;MyProject.c,141 :: 		IntToStr(hour,sHour);
0x0190	0x0820      	MOVF       _hour, 0
0x0191	0x00D4      	MOVWF      FARG_IntToStr_input
0x0192	0x0821      	MOVF       _hour+1, 0
0x0193	0x00D5      	MOVWF      FARG_IntToStr_input+1
0x0194	0x303D      	MOVLW      _sHour
0x0195	0x00D6      	MOVWF      FARG_IntToStr_output
0x0196	0x2116      	CALL       _IntToStr
;MyProject.c,142 :: 		time[0] = sHour[4];
0x0197	0x0841      	MOVF       _sHour+4, 0
0x0198	0x00B0      	MOVWF      _time
;MyProject.c,143 :: 		time[1] = sHour[5];
0x0199	0x0842      	MOVF       _sHour+5, 0
0x019A	0x00B1      	MOVWF      _time+1
;MyProject.c,144 :: 		time[2] = ':' ;
0x019B	0x303A      	MOVLW      58
0x019C	0x00B2      	MOVWF      _time+2
;MyProject.c,145 :: 		time[3] = sMinute[4];
0x019D	0x0848      	MOVF       _sMinute+4, 0
0x019E	0x00B3      	MOVWF      _time+3
;MyProject.c,146 :: 		time[4] = sMinute[5];
0x019F	0x0849      	MOVF       _sMinute+5, 0
0x01A0	0x00B4      	MOVWF      _time+4
;MyProject.c,147 :: 		time[5] = ':';
0x01A1	0x303A      	MOVLW      58
0x01A2	0x00B5      	MOVWF      _time+5
;MyProject.c,148 :: 		time[6] = sSecond[4];
0x01A3	0x084F      	MOVF       _sSecond+4, 0
0x01A4	0x00B6      	MOVWF      _time+6
;MyProject.c,149 :: 		time[7] = sSecond[5];
0x01A5	0x0850      	MOVF       _sSecond+5, 0
0x01A6	0x00B7      	MOVWF      _time+7
;MyProject.c,150 :: 		for(i = 0;i<8;i++){
0x01A7	0x01A2      	CLRF       _i
0x01A8	0x01A3      	CLRF       _i+1
L_printTime14:
0x01A9	0x3080      	MOVLW      128
0x01AA	0x0623      	XORWF      _i+1, 0
0x01AB	0x00F0      	MOVWF      R0
0x01AC	0x3080      	MOVLW      128
0x01AD	0x0270      	SUBWF      R0, 0
0x01AE	0x1D03      	BTFSS      STATUS, 2
0x01AF	0x29B2      	GOTO       L__printTime48
0x01B0	0x3008      	MOVLW      8
0x01B1	0x0222      	SUBWF      _i, 0
L__printTime48:
0x01B2	0x1803      	BTFSC      STATUS, 0
0x01B3	0x29C4      	GOTO       L_printTime15
;MyProject.c,151 :: 		if(time[i] == ' ')
0x01B4	0x0822      	MOVF       _i, 0
0x01B5	0x3E30      	ADDLW      _time
0x01B6	0x0084      	MOVWF      FSR
0x01B7	0x0800      	MOVF       INDF, 0
0x01B8	0x3A20      	XORLW      32
0x01B9	0x1D03      	BTFSS      STATUS, 2
0x01BA	0x29C0      	GOTO       L_printTime17
;MyProject.c,152 :: 		time[i] = '0';
0x01BB	0x0822      	MOVF       _i, 0
0x01BC	0x3E30      	ADDLW      _time
0x01BD	0x0084      	MOVWF      FSR
0x01BE	0x3030      	MOVLW      48
0x01BF	0x0080      	MOVWF      INDF
L_printTime17:
;MyProject.c,150 :: 		for(i = 0;i<8;i++){
0x01C0	0x0AA2      	INCF       _i, 1
0x01C1	0x1903      	BTFSC      STATUS, 2
0x01C2	0x0AA3      	INCF       _i+1, 1
;MyProject.c,153 :: 		}
0x01C3	0x29A9      	GOTO       L_printTime14
L_printTime15:
;MyProject.c,154 :: 		time[8] = ' ';
0x01C4	0x3020      	MOVLW      32
0x01C5	0x00B8      	MOVWF      _time+8
;MyProject.c,155 :: 		if (am == 0)
0x01C6	0x3000      	MOVLW      0
0x01C7	0x062B      	XORWF      _am+1, 0
0x01C8	0x1D03      	BTFSS      STATUS, 2
0x01C9	0x29CC      	GOTO       L__printTime49
0x01CA	0x3000      	MOVLW      0
0x01CB	0x062A      	XORWF      _am, 0
L__printTime49:
0x01CC	0x1D03      	BTFSS      STATUS, 2
0x01CD	0x29D1      	GOTO       L_printTime18
;MyProject.c,156 :: 		time[9] = 'P';
0x01CE	0x3050      	MOVLW      80
0x01CF	0x00B9      	MOVWF      _time+9
0x01D0	0x29D3      	GOTO       L_printTime19
L_printTime18:
;MyProject.c,158 :: 		time[9] = 'A';
0x01D1	0x3041      	MOVLW      65
0x01D2	0x00B9      	MOVWF      _time+9
L_printTime19:
;MyProject.c,159 :: 		time[10] = 'M';
0x01D3	0x304D      	MOVLW      77
0x01D4	0x00BA      	MOVWF      _time+10
;MyProject.c,160 :: 		time[11] = ' ';
0x01D5	0x3020      	MOVLW      32
0x01D6	0x00BB      	MOVWF      _time+11
;MyProject.c,161 :: 		LCD_OUT(1,5,time);
0x01D7	0x3001      	MOVLW      1
0x01D8	0x00D4      	MOVWF      FARG_Lcd_Out_row
0x01D9	0x3005      	MOVLW      5
0x01DA	0x00D5      	MOVWF      FARG_Lcd_Out_column
0x01DB	0x3030      	MOVLW      _time
0x01DC	0x00D6      	MOVWF      FARG_Lcd_Out_text
0x01DD	0x20D6      	CALL       _Lcd_Out
;MyProject.c,163 :: 		}
L_end_printTime:
0x01DE	0x0008      	RETURN
; end of _printTime
_Lcd_Init:
;__Lib_Lcd.c,84 :: 		
;__Lib_Lcd.c,86 :: 		
0x01DF	0x1683      	BSF        STATUS, 5
0x01E0	0x1303      	BCF        STATUS, 6
0x01E1	0x1087      	BCF        LCD_EN_Direction, BitPos(LCD_EN_Direction+0)
;__Lib_Lcd.c,87 :: 		
0x01E2	0x1007      	BCF        LCD_RS_Direction, BitPos(LCD_RS_Direction+0)
;__Lib_Lcd.c,88 :: 		
0x01E3	0x1107      	BCF        LCD_D4_Direction, BitPos(LCD_D4_Direction+0)
;__Lib_Lcd.c,89 :: 		
0x01E4	0x1187      	BCF        LCD_D5_Direction, BitPos(LCD_D5_Direction+0)
;__Lib_Lcd.c,90 :: 		
0x01E5	0x1207      	BCF        LCD_D6_Direction, BitPos(LCD_D6_Direction+0)
;__Lib_Lcd.c,91 :: 		
0x01E6	0x1287      	BCF        LCD_D7_Direction, BitPos(LCD_D7_Direction+0)
;__Lib_Lcd.c,93 :: 		
0x01E7	0x1283      	BCF        STATUS, 5
0x01E8	0x1087      	BCF        LCD_EN, BitPos(LCD_EN+0)
;__Lib_Lcd.c,94 :: 		
0x01E9	0x1007      	BCF        LCD_RS, BitPos(LCD_RS+0)
;__Lib_Lcd.c,95 :: 		
0x01EA	0x1287      	BCF        LCD_D7, BitPos(LCD_D7+0)
;__Lib_Lcd.c,96 :: 		
0x01EB	0x1207      	BCF        LCD_D6, BitPos(LCD_D6+0)
;__Lib_Lcd.c,97 :: 		
0x01EC	0x1187      	BCF        LCD_D5, BitPos(LCD_D5+0)
;__Lib_Lcd.c,98 :: 		
0x01ED	0x1107      	BCF        LCD_D4, BitPos(LCD_D4+0)
;__Lib_Lcd.c,100 :: 		
0x01EE	0x2021      	CALL       _Delay_5500us
;__Lib_Lcd.c,101 :: 		
0x01EF	0x2021      	CALL       _Delay_5500us
;__Lib_Lcd.c,102 :: 		
0x01F0	0x2021      	CALL       _Delay_5500us
;__Lib_Lcd.c,105 :: 		
0x01F1	0x1587      	BSF        LCD_D5, BitPos(LCD_D5+0)
;__Lib_Lcd.c,106 :: 		
0x01F2	0x1507      	BSF        LCD_D4, BitPos(LCD_D4+0)
;__Lib_Lcd.c,107 :: 		
0x01F3	0x1487      	BSF        LCD_EN, BitPos(LCD_EN+0)
;__Lib_Lcd.c,108 :: 		
0x01F4	0x202E      	CALL       _Delay_1us
;__Lib_Lcd.c,109 :: 		
0x01F5	0x1087      	BCF        LCD_EN, BitPos(LCD_EN+0)
;__Lib_Lcd.c,110 :: 		
0x01F6	0x2021      	CALL       _Delay_5500us
;__Lib_Lcd.c,112 :: 		
0x01F7	0x1487      	BSF        LCD_EN, BitPos(LCD_EN+0)
;__Lib_Lcd.c,113 :: 		
0x01F8	0x202E      	CALL       _Delay_1us
;__Lib_Lcd.c,114 :: 		
0x01F9	0x1087      	BCF        LCD_EN, BitPos(LCD_EN+0)
;__Lib_Lcd.c,115 :: 		
0x01FA	0x2021      	CALL       _Delay_5500us
;__Lib_Lcd.c,117 :: 		
0x01FB	0x1487      	BSF        LCD_EN, BitPos(LCD_EN+0)
;__Lib_Lcd.c,118 :: 		
0x01FC	0x202E      	CALL       _Delay_1us
;__Lib_Lcd.c,119 :: 		
0x01FD	0x1087      	BCF        LCD_EN, BitPos(LCD_EN+0)
;__Lib_Lcd.c,120 :: 		
0x01FE	0x2021      	CALL       _Delay_5500us
;__Lib_Lcd.c,123 :: 		
0x01FF	0x1107      	BCF        LCD_D4, BitPos(LCD_D4+0)
;__Lib_Lcd.c,124 :: 		
0x0200	0x1487      	BSF        LCD_EN, BitPos(LCD_EN+0)
;__Lib_Lcd.c,125 :: 		
0x0201	0x202E      	CALL       _Delay_1us
;__Lib_Lcd.c,126 :: 		
0x0202	0x1087      	BCF        LCD_EN, BitPos(LCD_EN+0)
;__Lib_Lcd.c,127 :: 		
0x0203	0x2021      	CALL       _Delay_5500us
;__Lib_Lcd.c,130 :: 		
0x0204	0x1487      	BSF        LCD_EN, BitPos(LCD_EN+0)
;__Lib_Lcd.c,131 :: 		
0x0205	0x202E      	CALL       _Delay_1us
;__Lib_Lcd.c,132 :: 		
0x0206	0x1087      	BCF        LCD_EN, BitPos(LCD_EN+0)
;__Lib_Lcd.c,134 :: 		
0x0207	0x1187      	BCF        LCD_D5, BitPos(LCD_D5+0)
;__Lib_Lcd.c,135 :: 		
0x0208	0x1687      	BSF        LCD_D7, BitPos(LCD_D7+0)
;__Lib_Lcd.c,136 :: 		
0x0209	0x1487      	BSF        LCD_EN, BitPos(LCD_EN+0)
;__Lib_Lcd.c,137 :: 		
0x020A	0x202E      	CALL       _Delay_1us
;__Lib_Lcd.c,138 :: 		
0x020B	0x1087      	BCF        LCD_EN, BitPos(LCD_EN+0)
;__Lib_Lcd.c,139 :: 		
0x020C	0x2021      	CALL       _Delay_5500us
;__Lib_Lcd.c,142 :: 		
0x020D	0x1287      	BCF        LCD_D7, BitPos(LCD_D7+0)
;__Lib_Lcd.c,143 :: 		
0x020E	0x1507      	BSF        LCD_D4, BitPos(LCD_D4+0)
;__Lib_Lcd.c,144 :: 		
0x020F	0x1487      	BSF        LCD_EN, BitPos(LCD_EN+0)
;__Lib_Lcd.c,145 :: 		
0x0210	0x202E      	CALL       _Delay_1us
;__Lib_Lcd.c,146 :: 		
0x0211	0x1087      	BCF        LCD_EN, BitPos(LCD_EN+0)
;__Lib_Lcd.c,148 :: 		
0x0212	0x1107      	BCF        LCD_D4, BitPos(LCD_D4+0)
;__Lib_Lcd.c,149 :: 		
0x0213	0x1487      	BSF        LCD_EN, BitPos(LCD_EN+0)
;__Lib_Lcd.c,150 :: 		
0x0214	0x202E      	CALL       _Delay_1us
;__Lib_Lcd.c,151 :: 		
0x0215	0x1087      	BCF        LCD_EN, BitPos(LCD_EN+0)
;__Lib_Lcd.c,152 :: 		
0x0216	0x2021      	CALL       _Delay_5500us
;__Lib_Lcd.c,155 :: 		
0x0217	0x1487      	BSF        LCD_EN, BitPos(LCD_EN+0)
;__Lib_Lcd.c,156 :: 		
0x0218	0x202E      	CALL       _Delay_1us
;__Lib_Lcd.c,157 :: 		
0x0219	0x1087      	BCF        LCD_EN, BitPos(LCD_EN+0)
;__Lib_Lcd.c,159 :: 		
0x021A	0x1507      	BSF        LCD_D4, BitPos(LCD_D4+0)
;__Lib_Lcd.c,160 :: 		
0x021B	0x1487      	BSF        LCD_EN, BitPos(LCD_EN+0)
;__Lib_Lcd.c,161 :: 		
0x021C	0x202E      	CALL       _Delay_1us
;__Lib_Lcd.c,162 :: 		
0x021D	0x1087      	BCF        LCD_EN, BitPos(LCD_EN+0)
;__Lib_Lcd.c,163 :: 		
0x021E	0x2021      	CALL       _Delay_5500us
;__Lib_Lcd.c,166 :: 		
0x021F	0x1107      	BCF        LCD_D4, BitPos(LCD_D4+0)
;__Lib_Lcd.c,167 :: 		
0x0220	0x1487      	BSF        LCD_EN, BitPos(LCD_EN+0)
;__Lib_Lcd.c,168 :: 		
0x0221	0x202E      	CALL       _Delay_1us
;__Lib_Lcd.c,169 :: 		
0x0222	0x1087      	BCF        LCD_EN, BitPos(LCD_EN+0)
;__Lib_Lcd.c,171 :: 		
0x0223	0x1687      	BSF        LCD_D7, BitPos(LCD_D7+0)
;__Lib_Lcd.c,172 :: 		
0x0224	0x1607      	BSF        LCD_D6, BitPos(LCD_D6+0)
;__Lib_Lcd.c,173 :: 		
0x0225	0x1587      	BSF        LCD_D5, BitPos(LCD_D5+0)
;__Lib_Lcd.c,174 :: 		
0x0226	0x1507      	BSF        LCD_D4, BitPos(LCD_D4+0)
;__Lib_Lcd.c,175 :: 		
0x0227	0x1487      	BSF        LCD_EN, BitPos(LCD_EN+0)
;__Lib_Lcd.c,176 :: 		
0x0228	0x202E      	CALL       _Delay_1us
;__Lib_Lcd.c,177 :: 		
0x0229	0x1087      	BCF        LCD_EN, BitPos(LCD_EN+0)
;__Lib_Lcd.c,179 :: 		
0x022A	0x2021      	CALL       _Delay_5500us
;__Lib_Lcd.c,181 :: 		
0x022B	0x143C      	BSF        __Lib_Lcd_cmd_status, BitPos(__Lib_Lcd_cmd_status+0)
;__Lib_Lcd.c,182 :: 		
L_end_Lcd_Init:
0x022C	0x0008      	RETURN
; end of _Lcd_Init
_blink:
;MyProject.c,203 :: 		void blink(){
;MyProject.c,204 :: 		if(count == timerDelay){
0x022D	0x1283      	BCF        STATUS, 5
0x022E	0x1303      	BCF        STATUS, 6
0x022F	0x0825      	MOVF       _count+1, 0
0x0230	0x0627      	XORWF      _timerDelay+1, 0
0x0231	0x1D03      	BTFSS      STATUS, 2
0x0232	0x2A35      	GOTO       L__blink56
0x0233	0x0826      	MOVF       _timerDelay, 0
0x0234	0x0624      	XORWF      _count, 0
L__blink56:
0x0235	0x1D03      	BTFSS      STATUS, 2
0x0236	0x2A3B      	GOTO       L_blink34
;MyProject.c,205 :: 		lcd_cmd(_lcd_clear);
0x0237	0x3001      	MOVLW      1
0x0238	0x00E2      	MOVWF      FARG_Lcd_Cmd_out_char
0x0239	0x2031      	CALL       _Lcd_Cmd
;MyProject.c,206 :: 		}
0x023A	0x2A4D      	GOTO       L_blink35
L_blink34:
;MyProject.c,207 :: 		else if(count == 2*timerDelay){
0x023B	0x0826      	MOVF       _timerDelay, 0
0x023C	0x00F1      	MOVWF      R1
0x023D	0x0827      	MOVF       _timerDelay+1, 0
0x023E	0x00F2      	MOVWF      R1+1
0x023F	0x0DF1      	RLF        R1, 1
0x0240	0x0DF2      	RLF        R1+1, 1
0x0241	0x1071      	BCF        R1, 0
0x0242	0x0825      	MOVF       _count+1, 0
0x0243	0x0672      	XORWF      R1+1, 0
0x0244	0x1D03      	BTFSS      STATUS, 2
0x0245	0x2A48      	GOTO       L__blink57
0x0246	0x0871      	MOVF       R1, 0
0x0247	0x0624      	XORWF      _count, 0
L__blink57:
0x0248	0x1D03      	BTFSS      STATUS, 2
0x0249	0x2A4D      	GOTO       L_blink36
;MyProject.c,208 :: 		count = 0;
0x024A	0x01A4      	CLRF       _count
0x024B	0x01A5      	CLRF       _count+1
;MyProject.c,209 :: 		printTime();
0x024C	0x2180      	CALL       _printTime
;MyProject.c,210 :: 		}
L_blink36:
L_blink35:
;MyProject.c,211 :: 		}
L_end_blink:
0x024D	0x0008      	RETURN
; end of _blink
_AM_PM:
;MyProject.c,132 :: 		void AM_PM(){
;MyProject.c,133 :: 		if (hour == 12){
0x024E	0x3000      	MOVLW      0
0x024F	0x1283      	BCF        STATUS, 5
0x0250	0x1303      	BCF        STATUS, 6
0x0251	0x0621      	XORWF      _hour+1, 0
0x0252	0x1D03      	BTFSS      STATUS, 2
0x0253	0x2A56      	GOTO       L__AM_PM46
0x0254	0x300C      	MOVLW      12
0x0255	0x0620      	XORWF      _hour, 0
L__AM_PM46:
0x0256	0x1D03      	BTFSS      STATUS, 2
0x0257	0x2A5A      	GOTO       L_AM_PM13
;MyProject.c,134 :: 		am = ~ am;
0x0258	0x09AA      	COMF       _am, 1
0x0259	0x09AB      	COMF       _am+1, 1
;MyProject.c,135 :: 		}
L_AM_PM13:
;MyProject.c,136 :: 		}
L_end_AM_PM:
0x025A	0x0008      	RETURN
; end of _AM_PM
_____DoICP:
;__Lib_System.c,6 :: 		
;__Lib_System.c,9 :: 		
0x025B	0x1283      	BCF        STATUS, 5
0x025C	0x1303      	BCF        STATUS, 6
0x025D	0x082F      	MOVF       ___DoICPAddr+1, 0
0x025E	0x008A      	MOVWF      PCLATH
;__Lib_System.c,10 :: 		
0x025F	0x082E      	MOVF       ___DoICPAddr, 0
0x0260	0x0082      	MOVWF      PCL
;__Lib_System.c,12 :: 		
L_end_____DoICP:
0x0261	0x0008      	RETURN
; end of _____DoICP
_updateHours:
;MyProject.c,122 :: 		void updateHours(){
;MyProject.c,123 :: 		if(minute == 60){
0x0262	0x3000      	MOVLW      0
0x0263	0x1283      	BCF        STATUS, 5
0x0264	0x1303      	BCF        STATUS, 6
0x0265	0x0629      	XORWF      _minute+1, 0
0x0266	0x1D03      	BTFSS      STATUS, 2
0x0267	0x2A6A      	GOTO       L__updateHours43
0x0268	0x303C      	MOVLW      60
0x0269	0x0628      	XORWF      _minute, 0
L__updateHours43:
0x026A	0x1D03      	BTFSS      STATUS, 2
0x026B	0x2A7C      	GOTO       L_updateHours11
;MyProject.c,124 :: 		minute = 0;
0x026C	0x01A8      	CLRF       _minute
0x026D	0x01A9      	CLRF       _minute+1
;MyProject.c,125 :: 		if(hour == 12)
0x026E	0x3000      	MOVLW      0
0x026F	0x0621      	XORWF      _hour+1, 0
0x0270	0x1D03      	BTFSS      STATUS, 2
0x0271	0x2A74      	GOTO       L__updateHours44
0x0272	0x300C      	MOVLW      12
0x0273	0x0620      	XORWF      _hour, 0
L__updateHours44:
0x0274	0x1D03      	BTFSS      STATUS, 2
0x0275	0x2A78      	GOTO       L_updateHours12
;MyProject.c,126 :: 		hour = 0;
0x0276	0x01A0      	CLRF       _hour
0x0277	0x01A1      	CLRF       _hour+1
L_updateHours12:
;MyProject.c,127 :: 		hour ++;
0x0278	0x0AA0      	INCF       _hour, 1
0x0279	0x1903      	BTFSC      STATUS, 2
0x027A	0x0AA1      	INCF       _hour+1, 1
;MyProject.c,128 :: 		AM_PM();
0x027B	0x224E      	CALL       _AM_PM
;MyProject.c,129 :: 		}
L_updateHours11:
;MyProject.c,130 :: 		}
L_end_updateHours:
0x027C	0x0008      	RETURN
; end of _updateHours
_updateMinutes:
;MyProject.c,116 :: 		void updateMinutes(){
;MyProject.c,117 :: 		if (second == 60){
0x027D	0x3000      	MOVLW      0
0x027E	0x1283      	BCF        STATUS, 5
0x027F	0x1303      	BCF        STATUS, 6
0x0280	0x062D      	XORWF      _second+1, 0
0x0281	0x1D03      	BTFSS      STATUS, 2
0x0282	0x2A85      	GOTO       L__updateMinutes41
0x0283	0x303C      	MOVLW      60
0x0284	0x062C      	XORWF      _second, 0
L__updateMinutes41:
0x0285	0x1D03      	BTFSS      STATUS, 2
0x0286	0x2A8C      	GOTO       L_updateMinutes10
;MyProject.c,118 :: 		second = 0;
0x0287	0x01AC      	CLRF       _second
0x0288	0x01AD      	CLRF       _second+1
;MyProject.c,119 :: 		minute++;
0x0289	0x0AA8      	INCF       _minute, 1
0x028A	0x1903      	BTFSC      STATUS, 2
0x028B	0x0AA9      	INCF       _minute+1, 1
;MyProject.c,120 :: 		}
L_updateMinutes10:
;MyProject.c,121 :: 		}
L_end_updateMinutes:
0x028C	0x0008      	RETURN
; end of _updateMinutes
_updateSeconds:
;MyProject.c,113 :: 		void updateSeconds(){
;MyProject.c,114 :: 		second++;
0x028D	0x1283      	BCF        STATUS, 5
0x028E	0x1303      	BCF        STATUS, 6
0x028F	0x0AAC      	INCF       _second, 1
0x0290	0x1903      	BTFSC      STATUS, 2
0x0291	0x0AAD      	INCF       _second+1, 1
;MyProject.c,115 :: 		}
L_end_updateSeconds:
0x0292	0x0008      	RETURN
; end of _updateSeconds
_setUp:
;MyProject.c,101 :: 		void setUp(){
;MyProject.c,102 :: 		trisd = 0b00000111;  // intial seting buttons
0x0293	0x3007      	MOVLW      7
0x0294	0x1683      	BSF        STATUS, 5
0x0295	0x1303      	BCF        STATUS, 6
0x0296	0x0088      	MOVWF      TRISD
;MyProject.c,103 :: 		OPTION_REG         = 0x85; // set the scale and the frequancy source for timer0
0x0297	0x3085      	MOVLW      133
0x0298	0x0081      	MOVWF      OPTION_REG
;MyProject.c,104 :: 		INTCON.GIE = 1;    // global interrupt
0x0299	0x178B      	BSF        INTCON, 7
;MyProject.c,105 :: 		INTCON.PEIE = 1;
0x029A	0x170B      	BSF        INTCON, 6
;MyProject.c,107 :: 		lcd_init();
0x029B	0x21DF      	CALL       _Lcd_Init
;MyProject.c,108 :: 		Lcd_Cmd( _LCD_CURSOR_OFF);
0x029C	0x300C      	MOVLW      12
0x029D	0x00E2      	MOVWF      FARG_Lcd_Cmd_out_char
0x029E	0x2031      	CALL       _Lcd_Cmd
;MyProject.c,110 :: 		printTime();
0x029F	0x2180      	CALL       _printTime
;MyProject.c,111 :: 		delay_ms(1000);
0x02A0	0x300B      	MOVLW      11
0x02A1	0x00FB      	MOVWF      R11
0x02A2	0x3026      	MOVLW      38
0x02A3	0x00FC      	MOVWF      R12
0x02A4	0x305D      	MOVLW      93
0x02A5	0x00FD      	MOVWF      R13
L_setUp9:
0x02A6	0x0BFD      	DECFSZ     R13, 1
0x02A7	0x2AA6      	GOTO       L_setUp9
0x02A8	0x0BFC      	DECFSZ     R12, 1
0x02A9	0x2AA6      	GOTO       L_setUp9
0x02AA	0x0BFB      	DECFSZ     R11, 1
0x02AB	0x2AA6      	GOTO       L_setUp9
0x02AC	0x0000      	NOP
0x02AD	0x0000      	NOP
;MyProject.c,112 :: 		}
L_end_setUp:
0x02AE	0x0008      	RETURN
; end of _setUp
___CC2DW:
;__Lib_System.c,134 :: 		
;__Lib_System.c,137 :: 		
_CC2D_Loop1:
;__Lib_System.c,139 :: 		
0x02AF	0x225B      	CALL       _____DoICP
0x02B0	0x118A      	BCF        PCLATH, 3
0x02B1	0x120A      	BCF        PCLATH, 4
;__Lib_System.c,141 :: 		
0x02B2	0x0080      	MOVWF      INDF
;__Lib_System.c,142 :: 		
0x02B3	0x0A84      	INCF       FSR, 1
;__Lib_System.c,143 :: 		
0x02B4	0x0AAE      	INCF       ___DoICPAddr, 1
;__Lib_System.c,145 :: 		
0x02B5	0x1903      	BTFSC      STATUS, 2
;__Lib_System.c,146 :: 		
0x02B6	0x0AAF      	INCF       ___DoICPAddr+1, 1
;__Lib_System.c,147 :: 		
0x02B7	0x03F0      	DECF       R0, 1
;__Lib_System.c,149 :: 		
0x02B8	0x1D03      	BTFSS      STATUS, 2
;__Lib_System.c,150 :: 		
0x02B9	0x2AAF      	GOTO       _CC2D_Loop1
;__Lib_System.c,152 :: 		
L_end___CC2DW:
0x02BA	0x0008      	RETURN
; end of ___CC2DW
_setTimeMode:
;MyProject.c,165 :: 		void setTimeMode(){
;MyProject.c,166 :: 		INTCON.TMR0IE = 1; // timer 0 Interrupt
0x02BB	0x168B      	BSF        INTCON, 5
;MyProject.c,167 :: 		TMR0 = 5;
0x02BC	0x3005      	MOVLW      5
0x02BD	0x1283      	BCF        STATUS, 5
0x02BE	0x1303      	BCF        STATUS, 6
0x02BF	0x0081      	MOVWF      TMR0
;MyProject.c,168 :: 		while(1){
L_setTimeMode20:
;MyProject.c,169 :: 		if(setMin == 1){
0x02C0	0x1C88      	BTFSS      PORTD, 1
0x02C1	0x2AD5      	GOTO       L_setTimeMode22
;MyProject.c,170 :: 		minute++;
0x02C2	0x0AA8      	INCF       _minute, 1
0x02C3	0x1903      	BTFSC      STATUS, 2
0x02C4	0x0AA9      	INCF       _minute+1, 1
;MyProject.c,171 :: 		if(minute == 60)
0x02C5	0x3000      	MOVLW      0
0x02C6	0x0629      	XORWF      _minute+1, 0
0x02C7	0x1D03      	BTFSS      STATUS, 2
0x02C8	0x2ACB      	GOTO       L__setTimeMode51
0x02C9	0x303C      	MOVLW      60
0x02CA	0x0628      	XORWF      _minute, 0
L__setTimeMode51:
0x02CB	0x1D03      	BTFSS      STATUS, 2
0x02CC	0x2ACF      	GOTO       L_setTimeMode23
;MyProject.c,172 :: 		minute = 0;
0x02CD	0x01A8      	CLRF       _minute
0x02CE	0x01A9      	CLRF       _minute+1
L_setTimeMode23:
;MyProject.c,173 :: 		printTime();
0x02CF	0x2180      	CALL       _printTime
;MyProject.c,174 :: 		count = 0;
0x02D0	0x01A4      	CLRF       _count
0x02D1	0x01A5      	CLRF       _count+1
;MyProject.c,175 :: 		while(setMin == 1);
L_setTimeMode24:
0x02D2	0x1C88      	BTFSS      PORTD, 1
0x02D3	0x2AD5      	GOTO       L_setTimeMode25
0x02D4	0x2AD2      	GOTO       L_setTimeMode24
L_setTimeMode25:
;MyProject.c,176 :: 		}
L_setTimeMode22:
;MyProject.c,177 :: 		if(setHour == 1){
0x02D5	0x1D08      	BTFSS      PORTD, 2
0x02D6	0x2AEB      	GOTO       L_setTimeMode26
;MyProject.c,178 :: 		if(hour == 12)
0x02D7	0x3000      	MOVLW      0
0x02D8	0x0621      	XORWF      _hour+1, 0
0x02D9	0x1D03      	BTFSS      STATUS, 2
0x02DA	0x2ADD      	GOTO       L__setTimeMode52
0x02DB	0x300C      	MOVLW      12
0x02DC	0x0620      	XORWF      _hour, 0
L__setTimeMode52:
0x02DD	0x1D03      	BTFSS      STATUS, 2
0x02DE	0x2AE1      	GOTO       L_setTimeMode27
;MyProject.c,179 :: 		hour = 0;
0x02DF	0x01A0      	CLRF       _hour
0x02E0	0x01A1      	CLRF       _hour+1
L_setTimeMode27:
;MyProject.c,180 :: 		hour++;
0x02E1	0x0AA0      	INCF       _hour, 1
0x02E2	0x1903      	BTFSC      STATUS, 2
0x02E3	0x0AA1      	INCF       _hour+1, 1
;MyProject.c,181 :: 		AM_PM();
0x02E4	0x224E      	CALL       _AM_PM
;MyProject.c,182 :: 		printTime();
0x02E5	0x2180      	CALL       _printTime
;MyProject.c,183 :: 		count = 0;
0x02E6	0x01A4      	CLRF       _count
0x02E7	0x01A5      	CLRF       _count+1
;MyProject.c,184 :: 		while(setHour == 1);
L_setTimeMode28:
0x02E8	0x1D08      	BTFSS      PORTD, 2
0x02E9	0x2AEB      	GOTO       L_setTimeMode29
0x02EA	0x2AE8      	GOTO       L_setTimeMode28
L_setTimeMode29:
;MyProject.c,185 :: 		}
L_setTimeMode26:
;MyProject.c,186 :: 		if(setMode == 1){
0x02EB	0x1C08      	BTFSS      PORTD, 0
0x02EC	0x2AF2      	GOTO       L_setTimeMode30
;MyProject.c,187 :: 		while(setMode == 1);
L_setTimeMode31:
0x02ED	0x1C08      	BTFSS      PORTD, 0
0x02EE	0x2AF0      	GOTO       L_setTimeMode32
0x02EF	0x2AED      	GOTO       L_setTimeMode31
L_setTimeMode32:
;MyProject.c,188 :: 		INTCON.TMR0IE = 0;
0x02F0	0x128B      	BCF        INTCON, 5
;MyProject.c,189 :: 		break;
0x02F1	0x2AF4      	GOTO       L_setTimeMode21
;MyProject.c,190 :: 		}
L_setTimeMode30:
;MyProject.c,191 :: 		blink();
0x02F2	0x222D      	CALL       _blink
;MyProject.c,193 :: 		}
0x02F3	0x2AC0      	GOTO       L_setTimeMode20
L_setTimeMode21:
;MyProject.c,194 :: 		}
L_end_setTimeMode:
0x02F4	0x0008      	RETURN
; end of _setTimeMode
_main:
0x02F5	0x300A      	MOVLW      10
0x02F6	0x1283      	BCF        STATUS, 5
0x02F7	0x1303      	BCF        STATUS, 6
0x02F8	0x00A0      	MOVWF      _hour
0x02F9	0x01A1      	CLRF       33
0x02FA	0x01A2      	CLRF       _i
0x02FB	0x01A3      	CLRF       35
0x02FC	0x01A4      	CLRF       _count
0x02FD	0x01A5      	CLRF       37
0x02FE	0x303F      	MOVLW      63
0x02FF	0x00A6      	MOVWF      _timerDelay
0x0300	0x01A7      	CLRF       39
0x0301	0x3037      	MOVLW      55
0x0302	0x00A8      	MOVWF      _minute
0x0303	0x01A9      	CLRF       41
0x0304	0x01AA      	CLRF       _am
0x0305	0x01AB      	CLRF       43
0x0306	0x3006      	MOVLW      6
0x0307	0x00AC      	MOVWF      _second
0x0308	0x01AD      	CLRF       45
;MyProject.c,83 :: 		void main() {
;MyProject.c,84 :: 		setUp();
0x0309	0x2293      	CALL       _setUp
;MyProject.c,85 :: 		while(1){
L_main0:
;MyProject.c,86 :: 		if(setMode == 0){
0x030A	0x1808      	BTFSC      PORTD, 0
0x030B	0x2B1F      	GOTO       L_main2
;MyProject.c,87 :: 		updateSeconds();
0x030C	0x228D      	CALL       _updateSeconds
;MyProject.c,88 :: 		updateMinutes();
0x030D	0x227D      	CALL       _updateMinutes
;MyProject.c,89 :: 		updateHours();
0x030E	0x2262      	CALL       _updateHours
;MyProject.c,90 :: 		printTime();
0x030F	0x2180      	CALL       _printTime
;MyProject.c,91 :: 		delay_ms(1000);
0x0310	0x300B      	MOVLW      11
0x0311	0x00FB      	MOVWF      R11
0x0312	0x3026      	MOVLW      38
0x0313	0x00FC      	MOVWF      R12
0x0314	0x305D      	MOVLW      93
0x0315	0x00FD      	MOVWF      R13
L_main3:
0x0316	0x0BFD      	DECFSZ     R13, 1
0x0317	0x2B16      	GOTO       L_main3
0x0318	0x0BFC      	DECFSZ     R12, 1
0x0319	0x2B16      	GOTO       L_main3
0x031A	0x0BFB      	DECFSZ     R11, 1
0x031B	0x2B16      	GOTO       L_main3
0x031C	0x0000      	NOP
0x031D	0x0000      	NOP
;MyProject.c,92 :: 		} else {
0x031E	0x2B2F      	GOTO       L_main4
L_main2:
;MyProject.c,93 :: 		delay_ms(50);
0x031F	0x3082      	MOVLW      130
0x0320	0x00FC      	MOVWF      R12
0x0321	0x30DD      	MOVLW      221
0x0322	0x00FD      	MOVWF      R13
L_main5:
0x0323	0x0BFD      	DECFSZ     R13, 1
0x0324	0x2B23      	GOTO       L_main5
0x0325	0x0BFC      	DECFSZ     R12, 1
0x0326	0x2B23      	GOTO       L_main5
0x0327	0x0000      	NOP
0x0328	0x0000      	NOP
;MyProject.c,94 :: 		if(setMode == 1){
0x0329	0x1C08      	BTFSS      PORTD, 0
0x032A	0x2B2F      	GOTO       L_main6
;MyProject.c,95 :: 		while(setMode == 1);
L_main7:
0x032B	0x1C08      	BTFSS      PORTD, 0
0x032C	0x2B2E      	GOTO       L_main8
0x032D	0x2B2B      	GOTO       L_main7
L_main8:
;MyProject.c,96 :: 		setTimeMode();
0x032E	0x22BB      	CALL       _setTimeMode
;MyProject.c,97 :: 		}
L_main6:
;MyProject.c,98 :: 		}
L_main4:
;MyProject.c,99 :: 		}
0x032F	0x2B0A      	GOTO       L_main0
;MyProject.c,100 :: 		}
L_end_main:
0x0330	0x2B30      	GOTO       $+0
; end of _main
Symbol List:
//** Routines locations **
//ADDRESS    SIZE    PROCEDURE
//----------------------------------------------
0x0004      [22]    _Interrupt
0x001A       [7]    _Delay_50us
0x0021      [13]    _Delay_5500us
0x002E       [3]    _Delay_1us
0x0031      [64]    _Lcd_Cmd
0x0071      [29]    _Div_16X16_U
0x008E       [8]    _Lcd_Chr_CP
0x0096      [64]    _WordToStr
0x00D6      [64]    _Lcd_Out
0x0116     [106]    _IntToStr
0x0180      [95]    _printTime
0x01DF      [78]    _Lcd_Init
0x022D      [33]    _blink
0x024E      [13]    _AM_PM
0x025B       [7]    _____DoICP
0x0262      [27]    _updateHours
0x027D      [16]    _updateMinutes
0x028D       [6]    _updateSeconds
0x0293      [28]    _setUp
0x02AF      [12]    ___CC2DW
0x02BB      [58]    _setTimeMode
0x02F5      [60]    _main
//** Variables locations ** 
//ADDRESS    SIZE    VARIABLE
//----------------------------------------------
0x0000       [1]    INDF
0x0001       [1]    TMR0
0x0002       [1]    PCL
0x0003       [1]    STATUS
0x0004       [1]    FSR
0x0007       [0]    LCD_EN
0x0007       [0]    RC4_bit
0x0007       [0]    RC5_bit
0x0007       [0]    LCD_D6
0x0007       [0]    LCD_D7
0x0007       [0]    LCD_D4
0x0007       [0]    LCD_D5
0x0007       [0]    LCD_RS
0x0007       [0]    RC1_bit
0x0007       [0]    RC0_bit
0x0007       [0]    RC3_bit
0x0007       [0]    RC2_bit
0x0008       [1]    PORTD
0x000A       [1]    PCLATH
0x000B       [1]    INTCON
0x000B       [0]    TMR0IF_bit
0x0020       [2]    _hour
0x0022       [2]    _i
0x0024       [2]    _count
0x0026       [2]    _timerDelay
0x0028       [2]    _minute
0x002A       [2]    _am
0x002C       [2]    _second
0x002E       [2]    ___DoICPAddr
0x0030      [12]    _time
0x003C       [0]    __Lib_Lcd_cmd_status
0x003D       [7]    _sHour
0x0044       [7]    _sMinute
0x004B       [7]    _sSecond
0x0052       [1]    ___savePCLATH
0x0053       [1]    ___saveSTATUS
0x0054       [1]    FARG_Lcd_Out_row
0x0054       [2]    FARG_IntToStr_input
0x0055       [1]    FARG_Lcd_Out_column
0x0056       [1]    FARG_IntToStr_output
0x0056       [1]    FARG_Lcd_Out_text
0x0057       [1]    Lcd_Out_i_L0
0x0057       [2]    IntToStr_i_L0
0x0059       [2]    IntToStr_negative_L0
0x005B       [2]    IntToStr_inword_L0
0x005D       [2]    FARG_WordToStr_input
0x005D       [1]    FARG_Lcd_Chr_CP_out_char
0x005F       [1]    FARG_WordToStr_output
0x0060       [1]    WordToStr_len_L0
0x0061       [1]    FLOC__WordToStr
0x0062       [1]    FARG_Lcd_Cmd_out_char
0x0070       [1]    R0
0x0071       [1]    R1
0x0072       [1]    R2
0x0073       [1]    R3
0x0074       [1]    R4
0x0075       [1]    R5
0x0076       [1]    R6
0x0077       [1]    R7
0x0078       [1]    R8
0x0079       [1]    R9
0x007A       [1]    R10
0x007B       [1]    R11
0x007C       [1]    R12
0x007D       [1]    R13
0x007E       [1]    R14
0x007F       [1]    R15
0x0081       [1]    OPTION_REG
0x0087       [0]    TRISC1_bit
0x0087       [0]    TRISC0_bit
0x0087       [0]    LCD_D7_Direction
0x0087       [0]    TRISC2_bit
0x0087       [0]    TRISC5_bit
0x0087       [0]    TRISC4_bit
0x0087       [0]    TRISC3_bit
0x0087       [0]    LCD_RS_Direction
0x0087       [0]    LCD_EN_Direction
0x0087       [0]    LCD_D6_Direction
0x0087       [0]    LCD_D5_Direction
0x0087       [0]    LCD_D4_Direction
0x0088       [1]    TRISD
