;  LST file generated by mikroListExporter - v.2.0 
; Date/Time: 2019-04-21 1:12:45 AM
;----------------------------------------------

;Address Opcode 	ASM
0x0000	0x2828      	GOTO       40
_interrupt:
0x0004	0x00FF      	MOVWF      R15
0x0005	0x0E03      	SWAPF      STATUS, 0
0x0006	0x0183      	CLRF       STATUS
0x0007	0x00B8      	MOVWF      ___saveSTATUS
0x0008	0x080A      	MOVF       PCLATH, 0
0x0009	0x00B9      	MOVWF      ___savePCLATH
0x000A	0x018A      	CLRF       PCLATH
;MyProject.c,30 :: 		void interrupt()
;MyProject.c,33 :: 		if(intcon.b2==1) //if timer0 is overlfowed
0x000B	0x1D0B      	BTFSS      INTCON, 2
0x000C	0x280E      	GOTO       L_interrupt2
;MyProject.c,35 :: 		intcon.b2=0; //reset timer0 flag
0x000D	0x110B      	BCF        INTCON, 2
;MyProject.c,36 :: 		}
L_interrupt2:
;MyProject.c,38 :: 		}
L_end_interrupt:
L__interrupt5:
0x000E	0x0839      	MOVF       ___savePCLATH, 0
0x000F	0x008A      	MOVWF      PCLATH
0x0010	0x0E38      	SWAPF      ___saveSTATUS, 0
0x0011	0x0083      	MOVWF      STATUS
0x0012	0x0EFF      	SWAPF      R15, 1
0x0013	0x0E7F      	SWAPF      R15, 0
0x0014	0x0009      	RETFIE
; end of _interrupt
_____DoICP:
;__Lib_System.c,6 :: 		
;__Lib_System.c,9 :: 		
0x0015	0x1283      	BCF        STATUS, 5
0x0016	0x1303      	BCF        STATUS, 6
0x0017	0x0837      	MOVF       ___DoICPAddr+1, 0
0x0018	0x008A      	MOVWF      PCLATH
;__Lib_System.c,10 :: 		
0x0019	0x0836      	MOVF       ___DoICPAddr, 0
0x001A	0x0082      	MOVWF      PCL
;__Lib_System.c,12 :: 		
L_end_____DoICP:
0x001B	0x0008      	RETURN
; end of _____DoICP
___CC2DW:
;__Lib_System.c,134 :: 		
;__Lib_System.c,137 :: 		
_CC2D_Loop1:
;__Lib_System.c,139 :: 		
0x001C	0x2015      	CALL       _____DoICP
0x001D	0x118A      	BCF        PCLATH, 3
0x001E	0x120A      	BCF        PCLATH, 4
;__Lib_System.c,141 :: 		
0x001F	0x0080      	MOVWF      INDF
;__Lib_System.c,142 :: 		
0x0020	0x0A84      	INCF       FSR, 1
;__Lib_System.c,143 :: 		
0x0021	0x0AB6      	INCF       ___DoICPAddr, 1
;__Lib_System.c,145 :: 		
0x0022	0x1903      	BTFSC      STATUS, 2
;__Lib_System.c,146 :: 		
0x0023	0x0AB7      	INCF       ___DoICPAddr+1, 1
;__Lib_System.c,147 :: 		
0x0024	0x03F0      	DECF       R0, 1
;__Lib_System.c,149 :: 		
0x0025	0x1D03      	BTFSS      STATUS, 2
;__Lib_System.c,150 :: 		
0x0026	0x281C      	GOTO       _CC2D_Loop1
;__Lib_System.c,152 :: 		
L_end___CC2DW:
0x0027	0x0008      	RETURN
; end of ___CC2DW
_main:
0x0028	0x1283      	BCF        STATUS, 5
0x0029	0x1303      	BCF        STATUS, 6
0x002A	0x01A0      	CLRF       _count
0x002B	0x01A1      	CLRF       33
0x002C	0x303F      	MOVLW      63
0x002D	0x00A2      	MOVWF      _seg
0x002E	0x01A3      	CLRF       35
0x002F	0x3006      	MOVLW      6
0x0030	0x00A4      	MOVWF      36
0x0031	0x01A5      	CLRF       37
0x0032	0x305B      	MOVLW      91
0x0033	0x00A6      	MOVWF      38
0x0034	0x01A7      	CLRF       39
0x0035	0x304F      	MOVLW      79
0x0036	0x00A8      	MOVWF      40
0x0037	0x01A9      	CLRF       41
0x0038	0x3066      	MOVLW      102
0x0039	0x00AA      	MOVWF      42
0x003A	0x01AB      	CLRF       43
0x003B	0x306D      	MOVLW      109
0x003C	0x00AC      	MOVWF      44
0x003D	0x01AD      	CLRF       45
0x003E	0x307D      	MOVLW      125
0x003F	0x00AE      	MOVWF      46
0x0040	0x01AF      	CLRF       47
0x0041	0x3007      	MOVLW      7
0x0042	0x00B0      	MOVWF      48
0x0043	0x01B1      	CLRF       49
0x0044	0x307F      	MOVLW      127
0x0045	0x00B2      	MOVWF      50
0x0046	0x01B3      	CLRF       51
0x0047	0x306F      	MOVLW      111
0x0048	0x00B4      	MOVWF      52
0x0049	0x01B5      	CLRF       53
;MyProject.c,3 :: 		void main() {
;MyProject.c,5 :: 		OPTION_REG.T0CS = 1; //Transition on RA4/T0CKI pin
0x004A	0x1683      	BSF        STATUS, 5
0x004B	0x1681      	BSF        OPTION_REG, 5
;MyProject.c,6 :: 		OPTION_REG.T0SE = 1; //Increment on high-to-low transition on RA4/T0CKI pin
0x004C	0x1601      	BSF        OPTION_REG, 4
;MyProject.c,7 :: 		OPTION_REG.PSA = 0;  //Prescaler is assigned to the Timer0 module
0x004D	0x1181      	BCF        OPTION_REG, 3
;MyProject.c,10 :: 		OPTION_REG.PS2 = 0;
0x004E	0x1101      	BCF        OPTION_REG, 2
;MyProject.c,11 :: 		OPTION_REG.PS1 = 0;
0x004F	0x1081      	BCF        OPTION_REG, 1
;MyProject.c,12 :: 		OPTION_REG.PS0 = 0;
0x0050	0x1001      	BCF        OPTION_REG, 0
;MyProject.c,16 :: 		intcon.b5=1; //timer0 overflow interrupt
0x0051	0x168B      	BSF        INTCON, 5
;MyProject.c,17 :: 		intcon.b6=1;  //Enables all unmasked peripheral interrupts
0x0052	0x170B      	BSF        INTCON, 6
;MyProject.c,18 :: 		intcon.b7=1;   //enable global interrupt
0x0053	0x178B      	BSF        INTCON, 7
;MyProject.c,19 :: 		trisa.b4 = 1;
0x0054	0x1605      	BSF        TRISA, 4
;MyProject.c,20 :: 		trisc = 0;
0x0055	0x0187      	CLRF       TRISC
;MyProject.c,21 :: 		portc = 0;
0x0056	0x1283      	BCF        STATUS, 5
0x0057	0x0187      	CLRF       PORTC
;MyProject.c,22 :: 		TMR0 = 0;
0x0058	0x0181      	CLRF       TMR0
;MyProject.c,23 :: 		while(1){
L_main0:
;MyProject.c,24 :: 		count = TMR0;
0x0059	0x0801      	MOVF       TMR0, 0
0x005A	0x00A0      	MOVWF      _count
0x005B	0x01A1      	CLRF       _count+1
;MyProject.c,25 :: 		portc = seg[count];
0x005C	0x0820      	MOVF       _count, 0
0x005D	0x00F0      	MOVWF      R0
0x005E	0x0821      	MOVF       _count+1, 0
0x005F	0x00F1      	MOVWF      R0+1
0x0060	0x0DF0      	RLF        R0, 1
0x0061	0x0DF1      	RLF        R0+1, 1
0x0062	0x1070      	BCF        R0, 0
0x0063	0x0870      	MOVF       R0, 0
0x0064	0x3E22      	ADDLW      _seg
0x0065	0x0084      	MOVWF      FSR
0x0066	0x0800      	MOVF       INDF, 0
0x0067	0x0087      	MOVWF      PORTC
;MyProject.c,26 :: 		}
0x0068	0x2859      	GOTO       L_main0
;MyProject.c,28 :: 		}
L_end_main:
0x0069	0x2869      	GOTO       $+0
; end of _main
Symbol List:
//** Routines locations **
//ADDRESS    SIZE    PROCEDURE
//----------------------------------------------
0x0004      [17]    _interrupt
0x0015       [7]    _____DoICP
0x001C      [12]    ___CC2DW
0x0028      [66]    _main
//** Variables locations ** 
//ADDRESS    SIZE    VARIABLE
//----------------------------------------------
0x0000       [1]    INDF
0x0001       [1]    TMR0
0x0002       [1]    PCL
0x0003       [1]    STATUS
0x0004       [1]    FSR
0x0007       [1]    PORTC
0x000A       [1]    PCLATH
0x000B       [1]    INTCON
0x0020       [2]    _count
0x0022      [20]    _seg
0x0036       [2]    ___DoICPAddr
0x0038       [1]    ___saveSTATUS
0x0039       [1]    ___savePCLATH
0x0070       [1]    R0
0x0071       [1]    R1
0x0072       [1]    R2
0x0073       [1]    R3
0x0074       [1]    R4
0x0075       [1]    R5
0x0076       [1]    R6
0x0077       [1]    R7
0x0078       [1]    R8
0x0079       [1]    R9
0x007A       [1]    R10
0x007B       [1]    R11
0x007C       [1]    R12
0x007D       [1]    R13
0x007E       [1]    R14
0x007F       [1]    R15
0x0081       [1]    OPTION_REG
0x0085       [1]    TRISA
0x0087       [1]    TRISC
