;  LST file generated by mikroListExporter - v.2.0 
; Date/Time: 2019-03-24 10:24:30 PM
;----------------------------------------------

;Address Opcode 	ASM
0x0000	0x2813      	GOTO       19
_interrupt:
0x0004	0x00FF      	MOVWF      R15
0x0005	0x0E03      	SWAPF      STATUS, 0
0x0006	0x0183      	CLRF       STATUS
0x0007	0x00A3      	MOVWF      ___saveSTATUS
0x0008	0x080A      	MOVF       PCLATH, 0
0x0009	0x00A2      	MOVWF      ___savePCLATH
0x000A	0x018A      	CLRF       PCLATH
;MyProject.c,22 :: 		void interrupt(){
;MyProject.c,23 :: 		portc = 0;
0x000B	0x0187      	CLRF       PORTC
;MyProject.c,24 :: 		}
L_end_interrupt:
L__interrupt8:
0x000C	0x0822      	MOVF       ___savePCLATH, 0
0x000D	0x008A      	MOVWF      PCLATH
0x000E	0x0E23      	SWAPF      ___saveSTATUS, 0
0x000F	0x0083      	MOVWF      STATUS
0x0010	0x0EFF      	SWAPF      R15, 1
0x0011	0x0E7F      	SWAPF      R15, 0
0x0012	0x0009      	RETFIE
; end of _interrupt
_main:
;MyProject.c,8 :: 		void main() {
;MyProject.c,9 :: 		trisc = 0;
0x0013	0x1683      	BSF        STATUS, 5
0x0014	0x1303      	BCF        STATUS, 6
0x0015	0x0187      	CLRF       TRISC
;MyProject.c,10 :: 		trisd = 3;
0x0016	0x3003      	MOVLW      3
0x0017	0x0088      	MOVWF      TRISD
;MyProject.c,11 :: 		L1 :
___main_L1:
;MyProject.c,12 :: 		portc = 0;
0x0018	0x1283      	BCF        STATUS, 5
0x0019	0x0187      	CLRF       PORTC
;MyProject.c,13 :: 		while(start == 0);
L_main0:
0x001A	0x1808      	BTFSC      PORTD, 0
0x001B	0x281D      	GOTO       L_main1
0x001C	0x281A      	GOTO       L_main0
L_main1:
;MyProject.c,14 :: 		portc = 1;
0x001D	0x3001      	MOVLW      1
0x001E	0x0087      	MOVWF      PORTC
;MyProject.c,15 :: 		delay_ms(1000);
0x001F	0x300B      	MOVLW      11
0x0020	0x00FB      	MOVWF      R11
0x0021	0x3026      	MOVLW      38
0x0022	0x00FC      	MOVWF      R12
0x0023	0x305D      	MOVLW      93
0x0024	0x00FD      	MOVWF      R13
L_main2:
0x0025	0x0BFD      	DECFSZ     R13, 1
0x0026	0x2825      	GOTO       L_main2
0x0027	0x0BFC      	DECFSZ     R12, 1
0x0028	0x2825      	GOTO       L_main2
0x0029	0x0BFB      	DECFSZ     R11, 1
0x002A	0x2825      	GOTO       L_main2
0x002B	0x0000      	NOP
0x002C	0x0000      	NOP
;MyProject.c,16 :: 		portc = 3;
0x002D	0x3003      	MOVLW      3
0x002E	0x0087      	MOVWF      PORTC
;MyProject.c,17 :: 		delay_ms(1000);
0x002F	0x300B      	MOVLW      11
0x0030	0x00FB      	MOVWF      R11
0x0031	0x3026      	MOVLW      38
0x0032	0x00FC      	MOVWF      R12
0x0033	0x305D      	MOVLW      93
0x0034	0x00FD      	MOVWF      R13
L_main3:
0x0035	0x0BFD      	DECFSZ     R13, 1
0x0036	0x2835      	GOTO       L_main3
0x0037	0x0BFC      	DECFSZ     R12, 1
0x0038	0x2835      	GOTO       L_main3
0x0039	0x0BFB      	DECFSZ     R11, 1
0x003A	0x2835      	GOTO       L_main3
0x003B	0x0000      	NOP
0x003C	0x0000      	NOP
;MyProject.c,18 :: 		portc = 7;
0x003D	0x3007      	MOVLW      7
0x003E	0x0087      	MOVWF      PORTC
;MyProject.c,19 :: 		while(stop == 0);
L_main4:
0x003F	0x1888      	BTFSC      PORTD, 1
0x0040	0x2842      	GOTO       L_main5
0x0041	0x283F      	GOTO       L_main4
L_main5:
;MyProject.c,20 :: 		goto L1;
0x0042	0x2818      	GOTO       ___main_L1
;MyProject.c,21 :: 		}
L_end_main:
0x0043	0x2843      	GOTO       $+0
; end of _main
Symbol List:
//** Routines locations **
//ADDRESS    SIZE    PROCEDURE
//----------------------------------------------
0x0004      [15]    _interrupt
0x0013      [49]    _main
//** Variables locations ** 
//ADDRESS    SIZE    VARIABLE
//----------------------------------------------
0x0000       [1]    INDF
0x0003       [1]    STATUS
0x0004       [1]    FSR
0x0007       [1]    PORTC
0x0008       [1]    PORTD
0x000A       [1]    PCLATH
0x0020       [2]    ___DoICPAddr
0x0022       [1]    ___savePCLATH
0x0023       [1]    ___saveSTATUS
0x0070       [1]    R0
0x0071       [1]    R1
0x0072       [1]    R2
0x0073       [1]    R3
0x0074       [1]    R4
0x0075       [1]    R5
0x0076       [1]    R6
0x0077       [1]    R7
0x0078       [1]    R8
0x0079       [1]    R9
0x007A       [1]    R10
0x007B       [1]    R11
0x007C       [1]    R12
0x007D       [1]    R13
0x007E       [1]    R14
0x007F       [1]    R15
0x0087       [1]    TRISC
0x0088       [1]    TRISD
